<?xml version="1.0" encoding="UTF-8"?>
<testsuite xmlns:xsi="http://www.w3.org/2001/XMLSchema-instance" xsi:noNamespaceSchemaLocation="https://maven.apache.org/surefire/maven-failsafe-plugin/xsd/failsafe-test-report-3.0.xsd" version="3.0" name="starter.CucumberTestSuite" time="37.738" tests="1" errors="0" skipped="0" failures="0">
  <properties>
[...]
</properties>
  <testcase name="As a user I want to login with valid email dan password" classname="Login" time="25.778">
    <system-out><![CDATA[18:36:18.366 [main] DEBUG net.thucydides.core.guice.Injectors - Created injector for module net.thucydides.core.guice.ThucydidesModule
18:36:19.215 [main] INFO io.cucumber.core.plugin.SerenityReporter - Running feature from file:///E:/SEMESTER%20VI/KAMPUS%20MERDEKA/miniproject/automation/web-automation-altashop/src/test/resources/features/Cart.feature
18:36:19.778 [main] DEBUG net.thucydides.core.guice.Injectors - Created injector for module net.thucydides.core.guice.webdriver.WebDriverModule
18:36:19.823 [main] INFO  - 

-------------------------------------------------------------------------------------
     _______. _______ .______       _______ .__   __.  __  .___________.____    ____ 
    /       ||   ____||   _  \     |   ____||  \ |  | |  | |           |\   \  /   / 
   |   (----`|  |__   |  |_)  |    |  |__   |   \|  | |  | `---|  |----` \   \/   /  
    \   \    |   __|  |      /     |   __|  |  . `  | |  |     |  |       \_    _/   
.----)   |   |  |____ |  |\  \----.|  |____ |  |\   | |  |     |  |         |  |     
|_______/    |_______|| _| `._____||_______||__| \__| |__|     |__|         |__|    
                                                                                     
 News and tutorials at http://www.serenity-bdd.info                                  
 Documentation at https://wakaleo.gitbooks.io/the-serenity-book/content/             
 Join the Serenity Community on Gitter: https://gitter.im/serenity-bdd/serenity-core 
 Serenity BDD Support and Training at http://serenity-bdd.info/#/trainingandsupport  
-------------------------------------------------------------------------------------

18:36:19.827 [main] DEBUG net.thucydides.core.steps.StepEventBus - Test suite started for story net.thucydides.core.model.Story@db962328
18:36:19.834 [main] INFO  - Test Suite Started: Cart
18:36:19.862 [main] INFO io.cucumber.core.plugin.SerenityReporter - Running feature from file:///E:/SEMESTER%20VI/KAMPUS%20MERDEKA/miniproject/automation/web-automation-altashop/src/test/resources/features/Login.feature
18:36:19.871 [main] DEBUG net.thucydides.core.steps.StepEventBus - Test suite started for story net.thucydides.core.model.Story@23282f08
18:36:19.873 [main] INFO  - Test Suite Started: Login
18:36:19.873 [main] INFO io.cucumber.core.plugin.SerenityReporter - Running feature from file:///E:/SEMESTER%20VI/KAMPUS%20MERDEKA/miniproject/automation/web-automation-altashop/src/test/resources/features/Product.feature
18:36:19.880 [main] DEBUG net.thucydides.core.steps.StepEventBus - Test suite started for story net.thucydides.core.model.Story@fdbc81c8
18:36:19.881 [main] INFO  - Test Suite Started: Product
18:36:19.881 [main] INFO io.cucumber.core.plugin.SerenityReporter - Running feature from file:///E:/SEMESTER%20VI/KAMPUS%20MERDEKA/miniproject/automation/web-automation-altashop/src/test/resources/features/Register.feature
18:36:19.890 [main] DEBUG net.thucydides.core.steps.StepEventBus - Test suite started for story net.thucydides.core.model.Story@30e75088
18:36:19.892 [main] INFO  - Test Suite Started: Register
18:36:19.893 [main] INFO io.cucumber.core.plugin.SerenityReporter - Running feature from file:///E:/SEMESTER%20VI/KAMPUS%20MERDEKA/miniproject/automation/web-automation-altashop/src/test/resources/features/Login.feature
18:36:19.897 [main] DEBUG net.thucydides.core.steps.StepEventBus - Test suite started for story net.thucydides.core.model.Story@23282f08
18:36:19.900 [main] INFO  - Test Suite Started: Login

@TC01-PositiveLogin
Scenario: As a user I want to login with valid email dan password &amp#27;[90m# src/test/resources/features/Login.feature:6&amp#27;[0m
18:36:20.120 [main] INFO io.cucumber.core.plugin.SerenityReporter - Running feature from file:///E:/SEMESTER%20VI/KAMPUS%20MERDEKA/miniproject/automation/web-automation-altashop/src/test/resources/features/Login.feature
18:36:20.442 [main] INFO  - 
  _____   ___   ___   _____     ___   _____     _     ___   _____   ___   ___  
 |_   _| | __| / __| |_   _|   / __| |_   _|   /_\   | _ \ |_   _| | __| |   \ 
   | |   | _|  \__ \   | |     \__ \   | |    / _ \  |   /   | |   | _|  | |) |
   |_|   |___| |___/   |_|     |___/   |_|   /_/ \_\ |_|_\   |_|   |___| |___/ 

As a user I want to login with valid email dan password(login;as-a-user-i-want-to-login-with-valid-email-dan-password)
--------------------------------------------------------------------------------
18:36:22.286 [main] DEBUG net.thucydides.core.steps.StepInterceptor - STARTING STEP: LoginSteps.userOnLoginPage - onLoginPage
18:36:22.348 [main] INFO net.serenitybdd.core.webdriver.driverproviders.DriverProvider - Using WebDriverManager configuration for chrome
18:36:23.386 [main] DEBUG io.github.bonigarcia.wdm.cache.ResolutionCache - Removing resolution chrome=113 from cache (expired on Fri May 12 17:17:17 ICT 2023)
18:36:23.424 [main] DEBUG org.apache.hc.client5.http.impl.classic.InternalHttpClient - ex-0000000001 preparing request execution
18:36:23.454 [main] DEBUG org.apache.hc.client5.http.protocol.RequestAddCookies - ex-0000000001 Cookie spec selected: strict
18:36:23.464 [main] DEBUG org.apache.hc.client5.http.protocol.RequestAuthCache - ex-0000000001 Auth cache not set in the context
18:36:23.464 [main] DEBUG org.apache.hc.client5.http.impl.classic.ProtocolExec - ex-0000000001 target auth state: UNCHALLENGED
18:36:23.466 [main] DEBUG org.apache.hc.client5.http.impl.classic.ProtocolExec - ex-0000000001 proxy auth state: UNCHALLENGED
18:36:23.466 [main] DEBUG org.apache.hc.client5.http.impl.classic.ConnectExec - ex-0000000001 acquiring connection with route {s}->https://raw.githubusercontent.com:443
18:36:23.466 [main] DEBUG org.apache.hc.client5.http.impl.classic.InternalHttpClient - ex-0000000001 acquiring endpoint (3 MINUTES)
18:36:23.469 [main] DEBUG org.apache.hc.client5.http.impl.io.PoolingHttpClientConnectionManager - ex-0000000001 endpoint lease request (3 MINUTES) [route: {s}->https://raw.githubusercontent.com:443][total available: 0; route allocated: 0 of 5; total allocated: 0 of 25]
18:36:23.475 [main] DEBUG org.apache.hc.client5.http.impl.io.PoolingHttpClientConnectionManager - ex-0000000001 endpoint leased [route: {s}->https://raw.githubusercontent.com:443][total available: 0; route allocated: 1 of 5; total allocated: 1 of 25]
18:36:23.496 [main] DEBUG org.apache.hc.client5.http.impl.io.PoolingHttpClientConnectionManager - ex-0000000001 acquired ep-0000000000
18:36:23.496 [main] DEBUG org.apache.hc.client5.http.impl.classic.InternalHttpClient - ex-0000000001 acquired endpoint ep-0000000000
18:36:23.496 [main] DEBUG org.apache.hc.client5.http.impl.classic.ConnectExec - ex-0000000001 opening connection {s}->https://raw.githubusercontent.com:443
18:36:23.497 [main] DEBUG org.apache.hc.client5.http.impl.classic.InternalHttpClient - ep-0000000000 connecting endpoint (30 SECONDS)
18:36:23.497 [main] DEBUG org.apache.hc.client5.http.impl.io.PoolingHttpClientConnectionManager - ep-0000000000 connecting endpoint to https://raw.githubusercontent.com:443 (30 SECONDS)
18:36:23.602 [main] DEBUG org.apache.hc.client5.http.impl.io.DefaultHttpClientConnectionOperator - http-outgoing-0 connecting to raw.githubusercontent.com/185.199.108.133:443
18:36:23.603 [main] DEBUG org.apache.hc.client5.http.ssl.SSLConnectionSocketFactory - Connecting socket to raw.githubusercontent.com/185.199.108.133:443 with timeout 30 SECONDS
18:36:23.713 [main] DEBUG org.apache.hc.client5.http.ssl.SSLConnectionSocketFactory - Enabled protocols: [TLSv1.3, TLSv1.2]
18:36:23.715 [main] DEBUG org.apache.hc.client5.http.ssl.SSLConnectionSocketFactory - Enabled cipher suites: [TLS_AES_256_GCM_SHA384, TLS_AES_128_GCM_SHA256, TLS_ECDHE_ECDSA_WITH_AES_256_GCM_SHA384, TLS_ECDHE_ECDSA_WITH_AES_128_GCM_SHA256, TLS_ECDHE_RSA_WITH_AES_256_GCM_SHA384, TLS_ECDHE_RSA_WITH_AES_128_GCM_SHA256, TLS_DHE_RSA_WITH_AES_256_GCM_SHA384, TLS_DHE_DSS_WITH_AES_256_GCM_SHA384, TLS_DHE_RSA_WITH_AES_128_GCM_SHA256, TLS_DHE_DSS_WITH_AES_128_GCM_SHA256, TLS_ECDHE_ECDSA_WITH_AES_256_CBC_SHA384, TLS_ECDHE_RSA_WITH_AES_256_CBC_SHA384, TLS_ECDHE_ECDSA_WITH_AES_128_CBC_SHA256, TLS_ECDHE_RSA_WITH_AES_128_CBC_SHA256, TLS_DHE_RSA_WITH_AES_256_CBC_SHA256, TLS_DHE_DSS_WITH_AES_256_CBC_SHA256, TLS_DHE_RSA_WITH_AES_128_CBC_SHA256, TLS_DHE_DSS_WITH_AES_128_CBC_SHA256, TLS_ECDH_ECDSA_WITH_AES_256_GCM_SHA384, TLS_ECDH_RSA_WITH_AES_256_GCM_SHA384, TLS_ECDH_ECDSA_WITH_AES_128_GCM_SHA256, TLS_ECDH_RSA_WITH_AES_128_GCM_SHA256, TLS_ECDH_ECDSA_WITH_AES_256_CBC_SHA384, TLS_ECDH_RSA_WITH_AES_256_CBC_SHA384, TLS_ECDH_ECDSA_WITH_AES_128_CBC_SHA256, TLS_ECDH_RSA_WITH_AES_128_CBC_SHA256, TLS_ECDHE_ECDSA_WITH_AES_256_CBC_SHA, TLS_ECDHE_RSA_WITH_AES_256_CBC_SHA, TLS_ECDHE_ECDSA_WITH_AES_128_CBC_SHA, TLS_ECDHE_RSA_WITH_AES_128_CBC_SHA, TLS_DHE_RSA_WITH_AES_256_CBC_SHA, TLS_DHE_DSS_WITH_AES_256_CBC_SHA, TLS_DHE_RSA_WITH_AES_128_CBC_SHA, TLS_DHE_DSS_WITH_AES_128_CBC_SHA, TLS_ECDH_ECDSA_WITH_AES_256_CBC_SHA, TLS_ECDH_RSA_WITH_AES_256_CBC_SHA, TLS_ECDH_ECDSA_WITH_AES_128_CBC_SHA, TLS_ECDH_RSA_WITH_AES_128_CBC_SHA, TLS_RSA_WITH_AES_256_GCM_SHA384, TLS_RSA_WITH_AES_128_GCM_SHA256, TLS_RSA_WITH_AES_256_CBC_SHA256, TLS_RSA_WITH_AES_128_CBC_SHA256, TLS_RSA_WITH_AES_256_CBC_SHA, TLS_RSA_WITH_AES_128_CBC_SHA, TLS_EMPTY_RENEGOTIATION_INFO_SCSV]
18:36:23.715 [main] DEBUG org.apache.hc.client5.http.ssl.SSLConnectionSocketFactory - Starting handshake
18:36:24.025 [main] DEBUG org.apache.hc.client5.http.ssl.SSLConnectionSocketFactory - Secure session established
18:36:24.025 [main] DEBUG org.apache.hc.client5.http.ssl.SSLConnectionSocketFactory -  negotiated protocol: TLSv1.3
18:36:24.025 [main] DEBUG org.apache.hc.client5.http.ssl.SSLConnectionSocketFactory -  negotiated cipher suite: TLS_AES_128_GCM_SHA256
18:36:24.025 [main] DEBUG org.apache.hc.client5.http.ssl.SSLConnectionSocketFactory -  peer principal: CN=*.github.io, O="GitHub, Inc.", L=San Francisco, ST=California, C=US
18:36:24.026 [main] DEBUG org.apache.hc.client5.http.ssl.SSLConnectionSocketFactory -  peer alternative names: [*.github.io, github.io, *.github.com, github.com, www.github.com, *.githubusercontent.com, githubusercontent.com]
18:36:24.026 [main] DEBUG org.apache.hc.client5.http.ssl.SSLConnectionSocketFactory -  issuer principal: CN=DigiCert TLS RSA SHA256 2020 CA1, O=DigiCert Inc, C=US
18:36:24.030 [main] DEBUG org.apache.hc.client5.http.impl.io.DefaultHttpClientConnectionOperator - http-outgoing-0 connection established 192.168.1.6:55757<->185.199.108.133:443
18:36:24.031 [main] DEBUG org.apache.hc.client5.http.impl.io.PoolingHttpClientConnectionManager - ep-0000000000 connected http-outgoing-0
18:36:24.031 [main] DEBUG org.apache.hc.client5.http.impl.classic.InternalHttpClient - ep-0000000000 endpoint connected
18:36:24.032 [main] DEBUG org.apache.hc.client5.http.impl.classic.MainClientExec - ex-0000000001 executing GET /bonigarcia/webdrivermanager/master/src/main/resources/commands.properties HTTP/1.1
18:36:24.032 [main] DEBUG org.apache.hc.client5.http.impl.classic.InternalHttpClient - ep-0000000000 start execution ex-0000000001
18:36:24.033 [main] DEBUG org.apache.hc.client5.http.impl.io.PoolingHttpClientConnectionManager - ep-0000000000 executing exchange ex-0000000001 over http-outgoing-0
18:36:24.033 [main] DEBUG org.apache.hc.client5.http.headers - http-outgoing-0 >> GET /bonigarcia/webdrivermanager/master/src/main/resources/commands.properties HTTP/1.1
18:36:24.033 [main] DEBUG org.apache.hc.client5.http.headers - http-outgoing-0 >> user-agent: Apache-HttpClient/5.0
18:36:24.033 [main] DEBUG org.apache.hc.client5.http.headers - http-outgoing-0 >> accept-encoding: gzip, deflate, br
18:36:24.034 [main] DEBUG org.apache.hc.client5.http.headers - http-outgoing-0 >> cache-control: max-age=0
18:36:24.034 [main] DEBUG org.apache.hc.client5.http.headers - http-outgoing-0 >> connection: keep-alive
18:36:24.034 [main] DEBUG org.apache.hc.client5.http.headers - http-outgoing-0 >> Host: raw.githubusercontent.com
18:36:24.034 [main] DEBUG org.apache.hc.client5.http.wire - http-outgoing-0 >> "GET /bonigarcia/webdrivermanager/master/src/main/resources/commands.properties HTTP/1.1[\r][\n]"
18:36:24.034 [main] DEBUG org.apache.hc.client5.http.wire - http-outgoing-0 >> "user-agent: Apache-HttpClient/5.0[\r][\n]"
18:36:24.035 [main] DEBUG org.apache.hc.client5.http.wire - http-outgoing-0 >> "accept-encoding: gzip, deflate, br[\r][\n]"
18:36:24.035 [main] DEBUG org.apache.hc.client5.http.wire - http-outgoing-0 >> "cache-control: max-age=0[\r][\n]"
18:36:24.035 [main] DEBUG org.apache.hc.client5.http.wire - http-outgoing-0 >> "connection: keep-alive[\r][\n]"
18:36:24.035 [main] DEBUG org.apache.hc.client5.http.wire - http-outgoing-0 >> "Host: raw.githubusercontent.com[\r][\n]"
18:36:24.035 [main] DEBUG org.apache.hc.client5.http.wire - http-outgoing-0 >> "[\r][\n]"
18:36:24.071 [main] DEBUG org.apache.hc.client5.http.wire - http-outgoing-0 << "HTTP/1.1 200 OK[\r][\n]"
18:36:24.071 [main] DEBUG org.apache.hc.client5.http.wire - http-outgoing-0 << "Connection: keep-alive[\r][\n]"
18:36:24.071 [main] DEBUG org.apache.hc.client5.http.wire - http-outgoing-0 << "Content-Length: 723[\r][\n]"
18:36:24.071 [main] DEBUG org.apache.hc.client5.http.wire - http-outgoing-0 << "Cache-Control: max-age=300[\r][\n]"
18:36:24.071 [main] DEBUG org.apache.hc.client5.http.wire - http-outgoing-0 << "Content-Security-Policy: default-src 'none'; style-src 'unsafe-inline'; sandbox[\r][\n]"
18:36:24.071 [main] DEBUG org.apache.hc.client5.http.wire - http-outgoing-0 << "Content-Type: text/plain; charset=utf-8[\r][\n]"
18:36:24.071 [main] DEBUG org.apache.hc.client5.http.wire - http-outgoing-0 << "ETag: W/"e82b438271e9e8680c688b0b680efd0bdd22faa6d6f0a32fc1fd8accc486b67e"[\r][\n]"
18:36:24.072 [main] DEBUG org.apache.hc.client5.http.wire - http-outgoing-0 << "Strict-Transport-Security: max-age=31536000[\r][\n]"
18:36:24.072 [main] DEBUG org.apache.hc.client5.http.wire - http-outgoing-0 << "X-Content-Type-Options: nosniff[\r][\n]"
18:36:24.072 [main] DEBUG org.apache.hc.client5.http.wire - http-outgoing-0 << "X-Frame-Options: deny[\r][\n]"
18:36:24.072 [main] DEBUG org.apache.hc.client5.http.wire - http-outgoing-0 << "X-XSS-Protection: 1; mode=block[\r][\n]"
18:36:24.072 [main] DEBUG org.apache.hc.client5.http.wire - http-outgoing-0 << "X-GitHub-Request-Id: D33E:4572:341F6F:3C76BC:64518A35[\r][\n]"
18:36:24.072 [main] DEBUG org.apache.hc.client5.http.wire - http-outgoing-0 << "Content-Encoding: gzip[\r][\n]"
18:36:24.072 [main] DEBUG org.apache.hc.client5.http.wire - http-outgoing-0 << "Accept-Ranges: bytes[\r][\n]"
18:36:24.072 [main] DEBUG org.apache.hc.client5.http.wire - http-outgoing-0 << "Date: Fri, 12 May 2023 11:36:26 GMT[\r][\n]"
18:36:24.072 [main] DEBUG org.apache.hc.client5.http.wire - http-outgoing-0 << "Via: 1.1 varnish[\r][\n]"
18:36:24.072 [main] DEBUG org.apache.hc.client5.http.wire - http-outgoing-0 << "X-Served-By: cache-qpg1271-QPG[\r][\n]"
18:36:24.072 [main] DEBUG org.apache.hc.client5.http.wire - http-outgoing-0 << "X-Cache: HIT[\r][\n]"
18:36:24.072 [main] DEBUG org.apache.hc.client5.http.wire - http-outgoing-0 << "X-Cache-Hits: 1[\r][\n]"
18:36:24.072 [main] DEBUG org.apache.hc.client5.http.wire - http-outgoing-0 << "X-Timer: S1683891386.123598,VS0,VE1[\r][\n]"
18:36:24.072 [main] DEBUG org.apache.hc.client5.http.wire - http-outgoing-0 << "Vary: Authorization,Accept-Encoding,Origin[\r][\n]"
18:36:24.072 [main] DEBUG org.apache.hc.client5.http.wire - http-outgoing-0 << "Access-Control-Allow-Origin: *[\r][\n]"
18:36:24.072 [main] DEBUG org.apache.hc.client5.http.wire - http-outgoing-0 << "X-Fastly-Request-ID: c30e99e245b1ddf18e8ad66679289785dc682cf1[\r][\n]"
18:36:24.073 [main] DEBUG org.apache.hc.client5.http.wire - http-outgoing-0 << "Expires: Fri, 12 May 2023 11:41:26 GMT[\r][\n]"
18:36:24.073 [main] DEBUG org.apache.hc.client5.http.wire - http-outgoing-0 << "Source-Age: 17[\r][\n]"
18:36:24.073 [main] DEBUG org.apache.hc.client5.http.wire - http-outgoing-0 << "[\r][\n]"
18:36:24.077 [main] DEBUG org.apache.hc.client5.http.headers - http-outgoing-0 << HTTP/1.1 200 OK
18:36:24.078 [main] DEBUG org.apache.hc.client5.http.headers - http-outgoing-0 << Connection: keep-alive
18:36:24.078 [main] DEBUG org.apache.hc.client5.http.headers - http-outgoing-0 << Content-Length: 723
18:36:24.078 [main] DEBUG org.apache.hc.client5.http.headers - http-outgoing-0 << Cache-Control: max-age=300
18:36:24.078 [main] DEBUG org.apache.hc.client5.http.headers - http-outgoing-0 << Content-Security-Policy: default-src 'none'; style-src 'unsafe-inline'; sandbox
18:36:24.078 [main] DEBUG org.apache.hc.client5.http.headers - http-outgoing-0 << Content-Type: text/plain; charset=utf-8
18:36:24.078 [main] DEBUG org.apache.hc.client5.http.headers - http-outgoing-0 << ETag: W/"e82b438271e9e8680c688b0b680efd0bdd22faa6d6f0a32fc1fd8accc486b67e"
18:36:24.078 [main] DEBUG org.apache.hc.client5.http.headers - http-outgoing-0 << Strict-Transport-Security: max-age=31536000
18:36:24.078 [main] DEBUG org.apache.hc.client5.http.headers - http-outgoing-0 << X-Content-Type-Options: nosniff
18:36:24.078 [main] DEBUG org.apache.hc.client5.http.headers - http-outgoing-0 << X-Frame-Options: deny
18:36:24.078 [main] DEBUG org.apache.hc.client5.http.headers - http-outgoing-0 << X-XSS-Protection: 1; mode=block
18:36:24.078 [main] DEBUG org.apache.hc.client5.http.headers - http-outgoing-0 << X-GitHub-Request-Id: D33E:4572:341F6F:3C76BC:64518A35
18:36:24.078 [main] DEBUG org.apache.hc.client5.http.headers - http-outgoing-0 << Content-Encoding: gzip
18:36:24.078 [main] DEBUG org.apache.hc.client5.http.headers - http-outgoing-0 << Accept-Ranges: bytes
18:36:24.078 [main] DEBUG org.apache.hc.client5.http.headers - http-outgoing-0 << Date: Fri, 12 May 2023 11:36:26 GMT
18:36:24.078 [main] DEBUG org.apache.hc.client5.http.headers - http-outgoing-0 << Via: 1.1 varnish
18:36:24.078 [main] DEBUG org.apache.hc.client5.http.headers - http-outgoing-0 << X-Served-By: cache-qpg1271-QPG
18:36:24.079 [main] DEBUG org.apache.hc.client5.http.headers - http-outgoing-0 << X-Cache: HIT
18:36:24.079 [main] DEBUG org.apache.hc.client5.http.headers - http-outgoing-0 << X-Cache-Hits: 1
18:36:24.079 [main] DEBUG org.apache.hc.client5.http.headers - http-outgoing-0 << X-Timer: S1683891386.123598,VS0,VE1
18:36:24.079 [main] DEBUG org.apache.hc.client5.http.headers - http-outgoing-0 << Vary: Authorization,Accept-Encoding,Origin
18:36:24.079 [main] DEBUG org.apache.hc.client5.http.headers - http-outgoing-0 << Access-Control-Allow-Origin: *
18:36:24.079 [main] DEBUG org.apache.hc.client5.http.headers - http-outgoing-0 << X-Fastly-Request-ID: c30e99e245b1ddf18e8ad66679289785dc682cf1
18:36:24.079 [main] DEBUG org.apache.hc.client5.http.headers - http-outgoing-0 << Expires: Fri, 12 May 2023 11:41:26 GMT
18:36:24.079 [main] DEBUG org.apache.hc.client5.http.headers - http-outgoing-0 << Source-Age: 17
18:36:24.086 [main] DEBUG org.apache.hc.client5.http.impl.classic.MainClientExec - ex-0000000001 connection can be kept alive for 3 MINUTES
18:36:24.092 [main] DEBUG org.apache.hc.client5.http.wire - http-outgoing-0 << "[0x1f][0xffffff8b][0x8][0x0][0x0][0x0][0x0][0x0][0x0][0x3][0xffffffb5]V]o[0xffffffda]0[0x14]}[0xffffffe7]W\[0xffffff81]*[0xffffffb5][0x12][0x1f][[M[0xffffffd3]$[0x1e]hF[0xffffffbb]i [0x18][0xffffffb4][0xffffffdd]&[0xfffffff9][0xffffffc5]$7[0xffffffc1]R[0x12]#;[0xffffff94]v[0xffffffbf]~[0xffffffb6][0xfffffff3]1[0xffffff92][0xffffff9a][0xffffffc1][0x1a]x[0xffffffcb][0xffffffb5][0xffffffaf][0xffffffcf]9[0xffffffbe][0xfffffff7]8v[0xb][0x1c][0x1e]E4[0xfffffff6]$x4[0xffffffa1][0xb]*[0xffffffb1][0xffffffd1][0xffffff82][0xfffffffb]%[0xffffff93][0xffffffe0][0xffffffb3][0x10][0xffffffc1][0xffffffe5]qBY,!Y[0xffffffea] KM8,[0x10][0xfffffff0][0x19][0xffffffdd]u[0xffffff82][0x1e][0xffffffb0][0xffffffd8]L[0xffffffcb]%[0xffffff86][0xffffffa1][0xe][0xffffffb8][0xfffffff0]P[0xffffffe8]$[0xf][0x13]t[0x13]3[0xfffffff9][0xffffff84]B2[0xffffffae][0xffffffe6]|@[0xfffffff5][0x1d][0x8][0xffffffc4][0x18][0x16][0xffffff82]o[0xffffffa4][0xffffff9a]P[0xffffff94][0xffffffe7][0xffffffce]R[0xfffffff0][0x8][0xffffffdb]p[0xffffffcb][0x4][0xfffffffa][0xfffffffc][0xffffffb9][\r][0xffffff93][0x15][\n]"
18:36:24.093 [main] DEBUG org.apache.hc.client5.http.wire - http-outgoing-0 << "[0xffffffda][0xffffff86][0xffffffa1][0x17][0xffffffa8]Q3[0xffffffcb][0xffffffd6][0xffffffd1][0xffffff85][0xffffffc6][0xfffffff7][0xffffff98][0xffffffef][0xffffffa3][0xffffffc0]8[0x1][0xffffffae]s[0x12][0x16][0x7] _d[0xffffff82][0xffffff91][0xffffff84][0xfffffff3][0x1f],[0xfffffff6][0x14]j[0x1b]F,^+[0xffffff98]1ua2[0xffffffbf]h([0xffffff8e][0xffffff94][0xffffffa2][0xffffff91]m[0xffffffa3][0xffffffeb][0xffffff9a][0xffffffb0][0xffffffbb]I[0x17]t[0xffffffdf][0xffffffbd][0xffffffef][0xffffffbb][0xffffff91][0xffffffd7]U[0xffffffbb][0xffffff82][0xffffff9e][0x3][0xffffff9b][0xffffff88][0xffffffb9][0xffffffa6]$[0xffffffa6][0xc][0xffffff9b][0xffffffa5][0xffffffe2][0xffffff83][0xffffff98]F[0xffffffd8]o[0xffffff9e]Mg[0xffffff93][0xffffffbb][0xffffffd9]`|[0xfffffffb]u4[0xffffff9c][0x7f]"}B[0xffffffce][0x8][0xffffffb9][0xffffffe3]<[0x8][0xffffff91][0xffffff90][0xffffff94][0xffffff82][0xffffff90][0xffffffc1]j[0x15]2WI[0xffffffe3]1![0x19][0xffffff91]BnB[0xffffff80][0x9]<f[0xffffffb5][0xffffffe8]=[0xffffffd1]p[0xffffffbd][[0xffffffcf][0xffffffe5][0x1b][0xfffffff4][0xffffff9c][0xffffffff][0xfffffffc][0xfffffff8][0xffffffe1][0xffffffe2][0xffffff94][0xffffffa2][0xffffffae][0xe][0x14]5[0xffffff9a]8[0xffffff83][0xffffffd1]`:[0xfffffffd]<[0xffffffb8][0x1f][0xffffff9c]R[0xffffffcf]u[0x7f]6[0xffffffbc][0xffffff83][0xffffffef][0xf][0xffffffc3][0xffffffd9]/[0xfffffff8][0xfffffff2][0xffffffcd]y s[0xffffffee]'[0x1b]*0g[0xffffffcb][0xffffffc8]nF7H][0xffffff83][0xffffff97]{[0xffffffb1]Q[0x5][\r][0xffffffb5]c[0xffffffb4][0xf][0x2][0xffffffb3][0xffffffb4][0xffffff93][0xe]C[0xffffffa7][0xffffffb3]kAD][0xffffff9d][0xffffffde][0xffffffdb][0xffffffda][0xffffff88][0xffffffec][0xffffffa5][0xffffffbc][0xffffff99][0xffffffd9][0xffffffba]t[0xffffffb5][0xffffffea]9[0xffffffea][0x10])[0xffffffb7][0xffffffca][0xffffff9e][0xfffffff2][0xffffffe2]d^N[0xffffffd8]FW[0x16][0xffffffcd][0xffffffdc]_[0x10][0xfffffff9]i|[0x1c][0xffffff93][0xffffff8e][0xfffffff9]o[0x16][0xffffff86]4'!$G[0xffffffdf]W[0xfffffff4]W*j[[0xfffffff3]xR[0xffffffae][0xffffffb6][0xc][0xffffffd0],; #[0xffffffa9][0xffffff92]5[0xffffffb5][0x7][0xffffff9c][0xffffffb5][0xffffffd0][0x7f][0xffffff90][0xffffffc7]jgs[0xfffffffc][0xffffffc2][0xb][0xffffffd9][0x0]t[0xffffff9e]^'Y[0xfffffffb][0xffffff9f][0xffffffb1][0xffffffd8]:[0xffffffbf][0xffffff8d][0xffffffa5][0xffffff9a][0xffffffad][0x7f]m[0x5]&[0xffffffaa][0xffffffa0]^[0xffffff9b][0xffffffcb][0x5]f[0xffffffae][0xffffffe0]RU[0xffffff82][0x10]MS9l[0xffffff91]4t[0xfffffffb][0xffffff8a]][0xffffffd6][0xfffffff4][0xffffff96][0xffffffa6][0xffffff9f]P[0xffffffce][0xffffffd5][0xffffffce][0xffffff93][0xffffffff][0xffffff97][0xffffffcc]p[0xfffffffd][0xfffffff3][0xffffffe8][0x1b][0xffffffcc][0xffffffa2][0xffffffd9]Q[0xffffffbe][0xffffffb2][0xffffffa3][0xffffffc7]m'[0xffffffdf][0xffffffe4][[0xfffffffb]^[0xffffffb0][0xffffff9a][0xffffffbe][0xffffffda][0xffffffda]_[0xffffffce][0xffffff80][0xffffffd2][0xffffffc1]7[0xffffffb7]][0xffffffc1]b[0xffffffee][0xffffffb5][0xffffffff]w[0xffffff83][0xffffffed][0xffffffa7];[0x15]<[0x10]4[0xffffff92][0xffffff84][0x18][\n]"
18:36:24.093 [main] DEBUG org.apache.hc.client5.http.wire - http-outgoing-0 << "BB[0xffffffba][0xffffff8e]][0xffffffb5]jo[0xffffffb9]+"[0xffffffea][0xffffffb4][0xffffffff]h"[0xffffffea]\?5[0xffffffa9][0xffffffaf]k[0xffffffec][0xffffffff]P[0xffffffea][\n]"
18:36:24.093 [main] DEBUG org.apache.hc.client5.http.wire - http-outgoing-0 << "w[0xffffffe1]K[0x13][0xffffffda][0xffffffec][0xffffff98][0xffffffe6]Y[0xfffffffd]h8m6[0xffffff9c]T[0xffffffc1][0xfffffff2][0xffffffa7][0xffffff91]z_[0xffffff95]o85p[0x1c][0x13][0xffffffe6][0xfffffff0]5[0xffffffee][0xfffffffc][0xffffff92][0xffffff96][0xffffffda][0xfffffff7][0xffffffcf][0xffffffb1][0x5][0x1d][0xffffffea]K[0xffffff9b]9[0xffffff8e][0xffffffad]e[0xfffffff7][0xffffff93][0xffffffa8]`[0xffffffda][0xffffffff][0x1a][0xffffffd2][0xffffff88][0xffffff85][0xfffffffd][0xfffffff2][0xffffff91]N[0xfffffff6]`[0xffffffdf]2[0xffffffcf][0xffffffae]E[0xffffff97][0xffffffc5][0xffffffa2][0xffffff9d][0xffffffef]'[0xffffff9d]mun.[0xffffffd3]f^[0xffffffc7][0xffffff82][0xffffffda][0xffffff82]9[0xfffffff5][0xffffffa9]`[0x5][0xffffffbc]4[0xffffffa1][0x1d]<M[0xffffffb5]A[0xffffffa7]3[[0xffffffc0][0x7f][0x0][0xffffffc1][0xffffffd0]$[0xffffff85][0x1d][\r][0x0][0x0]"
18:36:24.095 [main] DEBUG org.apache.hc.client5.http.impl.classic.InternalHttpClient - ep-0000000000 releasing valid endpoint
18:36:24.095 [main] DEBUG org.apache.hc.client5.http.impl.io.PoolingHttpClientConnectionManager - ep-0000000000 releasing endpoint
18:36:24.095 [main] DEBUG org.apache.hc.client5.http.impl.io.PoolingHttpClientConnectionManager - ep-0000000000 connection http-outgoing-0 can be kept alive for 3 MINUTES
18:36:24.098 [main] DEBUG org.apache.hc.client5.http.impl.io.PoolingHttpClientConnectionManager - ep-0000000000 connection released [route: {s}->https://raw.githubusercontent.com:443][total available: 1; route allocated: 1 of 5; total allocated: 1 of 25]
18:36:24.098 [main] DEBUG io.github.bonigarcia.wdm.versions.VersionDetector - Detecting chrome version using online commands.properties
18:36:24.101 [main] DEBUG io.github.bonigarcia.wdm.versions.Shell - Running command on the shell: [cmd.exe, /C, wmic, datafile, where, name="%PROGRAMFILES:\=\\%\\Google\\Chrome\\Application\\chrome.exe", get, Version, /value]
18:36:24.532 [main] DEBUG io.github.bonigarcia.wdm.versions.Shell - Result: Version=113.0.5672.93
18:36:24.537 [main] DEBUG io.github.bonigarcia.wdm.cache.ResolutionCache - Resolution chrome113=113.0.5672.63 in cache (valid until 16:17:17 13/05/2023 ICT)
18:36:24.537 [main] INFO io.github.bonigarcia.wdm.WebDriverManager - Using chromedriver 113.0.5672.63 (resolved driver for Chrome 113)
18:36:24.538 [main] DEBUG io.github.bonigarcia.wdm.cache.ResolutionCache - Storing resolution chrome=113 in cache (valid until 19:36:24 12/05/2023 ICT)
18:36:24.561 [main] DEBUG io.github.bonigarcia.wdm.WebDriverManager - Driver chromedriver 113.0.5672.63 found in cache
18:36:24.564 [main] INFO io.github.bonigarcia.wdm.WebDriverManager - Exporting webdriver.chrome.driver as C:\Users\ASUS\.cache\selenium\chromedriver\win32\113.0.5672.63\chromedriver.exe
18:36:24.763 [main] INFO net.serenitybdd.core.webdriver.driverproviders.ChromeDriverProvider - Starting Chrome driver instance with capabilities:
18:36:24.770 [main] INFO net.serenitybdd.core.webdriver.driverproviders.ChromeDriverProvider - Capabilities {acceptInsecureCerts: true, browserName: chrome, goog:chromeOptions: {args: [remote-allow-origins=*, test-type, no-sandbox, ignore-certificate-errors, start-maximized, incognito, disable-infobars, disable-gpu, disable-default-apps, disable-popup-blocking, remote-allow-origins=*, test-type, no-sandbox, ignore-certificate-errors, start-maximized, incognito, disable-infobars, disable-gpu, disable-default-apps, disable-popup-blocking], extensions: []}}
18:36:24.925 [main] DEBUG io.netty.util.internal.logging.InternalLoggerFactory - Using SLF4J as the default logging framework
18:36:24.932 [main] DEBUG io.netty.util.ResourceLeakDetector - -Dio.netty.leakDetection.level: simple
18:36:24.932 [main] DEBUG io.netty.util.ResourceLeakDetector - -Dio.netty.leakDetection.targetRecords: 4
18:36:24.937 [main] DEBUG io.netty.util.ResourceLeakDetectorFactory - Loaded default ResourceLeakDetector: io.netty.util.ResourceLeakDetector@682abca7
18:36:24.972 [main] DEBUG io.netty.util.internal.PlatformDependent0 - -Dio.netty.noUnsafe: false
18:36:24.972 [main] DEBUG io.netty.util.internal.PlatformDependent0 - Java version: 8
18:36:24.973 [main] DEBUG io.netty.util.internal.PlatformDependent0 - sun.misc.Unsafe.theUnsafe: available
18:36:24.974 [main] DEBUG io.netty.util.internal.PlatformDependent0 - sun.misc.Unsafe.copyMemory: available
18:36:24.975 [main] DEBUG io.netty.util.internal.PlatformDependent0 - sun.misc.Unsafe.storeFence: available
18:36:24.976 [main] DEBUG io.netty.util.internal.PlatformDependent0 - java.nio.Buffer.address: available
18:36:24.977 [main] DEBUG io.netty.util.internal.PlatformDependent0 - direct buffer constructor: available
18:36:24.978 [main] DEBUG io.netty.util.internal.PlatformDependent0 - java.nio.Bits.unaligned: available, true
18:36:24.978 [main] DEBUG io.netty.util.internal.PlatformDependent0 - jdk.internal.misc.Unsafe.allocateUninitializedArray(int): unavailable prior to Java9
18:36:24.978 [main] DEBUG io.netty.util.internal.PlatformDependent0 - java.nio.DirectByteBuffer.<init>(long, int): available
18:36:24.978 [main] DEBUG io.netty.util.internal.PlatformDependent - sun.misc.Unsafe: available
18:36:24.979 [main] DEBUG io.netty.util.internal.PlatformDependent - -Dio.netty.tmpdir: C:\Users\ASUS\AppData\Local\Temp (java.io.tmpdir)
18:36:24.979 [main] DEBUG io.netty.util.internal.PlatformDependent - -Dio.netty.bitMode: 64 (sun.arch.data.model)
18:36:24.979 [main] DEBUG io.netty.util.internal.PlatformDependent - Platform: Windows
18:36:24.982 [main] DEBUG io.netty.util.internal.PlatformDependent - -Dio.netty.maxDirectMemory: 2375024640 bytes
18:36:24.982 [main] DEBUG io.netty.util.internal.PlatformDependent - -Dio.netty.uninitializedArrayAllocationThreshold: -1
18:36:24.984 [main] DEBUG io.netty.util.internal.CleanerJava6 - java.nio.ByteBuffer.cleaner(): available
18:36:24.984 [main] DEBUG io.netty.util.internal.PlatformDependent - -Dio.netty.noPreferDirect: false
18:36:24.998 [main] DEBUG io.netty.util.internal.PlatformDependent - org.jctools-core.MpscChunkedArrayQueue: available
18:36:25.048 [main] DEBUG io.netty.util.internal.InternalThreadLocalMap - -Dio.netty.threadLocalMap.stringBuilder.initialSize: 1024
18:36:25.048 [main] DEBUG io.netty.util.internal.InternalThreadLocalMap - -Dio.netty.threadLocalMap.stringBuilder.maxSize: 4096
18:36:25.074 [main] DEBUG io.netty.handler.ssl.JdkSslContext - Default protocols (JDK): [TLSv1.3, TLSv1.2] 
18:36:25.075 [main] DEBUG io.netty.handler.ssl.JdkSslContext - Default cipher suites (JDK): [TLS_ECDHE_ECDSA_WITH_AES_256_GCM_SHA384, TLS_ECDHE_ECDSA_WITH_AES_128_GCM_SHA256, TLS_ECDHE_RSA_WITH_AES_128_GCM_SHA256, TLS_ECDHE_RSA_WITH_AES_256_GCM_SHA384, TLS_ECDHE_RSA_WITH_AES_128_CBC_SHA, TLS_ECDHE_RSA_WITH_AES_256_CBC_SHA, TLS_RSA_WITH_AES_128_GCM_SHA256, TLS_RSA_WITH_AES_128_CBC_SHA, TLS_RSA_WITH_AES_256_CBC_SHA, TLS_AES_128_GCM_SHA256, TLS_AES_256_GCM_SHA384]
18:36:25.135 [main] DEBUG io.netty.channel.MultithreadEventLoopGroup - -Dio.netty.eventLoopThreads: 4
18:36:25.157 [main] DEBUG io.netty.channel.nio.NioEventLoop - -Dio.netty.noKeySetOptimization: false
18:36:25.157 [main] DEBUG io.netty.channel.nio.NioEventLoop - -Dio.netty.selectorAutoRebuildThreshold: 512
18:36:25.236 [main] DEBUG io.netty.buffer.PooledByteBufAllocator - -Dio.netty.allocator.numHeapArenas: 4
18:36:25.237 [main] DEBUG io.netty.buffer.PooledByteBufAllocator - -Dio.netty.allocator.numDirectArenas: 4
18:36:25.237 [main] DEBUG io.netty.buffer.PooledByteBufAllocator - -Dio.netty.allocator.pageSize: 8192
18:36:25.237 [main] DEBUG io.netty.buffer.PooledByteBufAllocator - -Dio.netty.allocator.maxOrder: 9
18:36:25.237 [main] DEBUG io.netty.buffer.PooledByteBufAllocator - -Dio.netty.allocator.chunkSize: 4194304
18:36:25.237 [main] DEBUG io.netty.buffer.PooledByteBufAllocator - -Dio.netty.allocator.smallCacheSize: 256
18:36:25.237 [main] DEBUG io.netty.buffer.PooledByteBufAllocator - -Dio.netty.allocator.normalCacheSize: 64
18:36:25.237 [main] DEBUG io.netty.buffer.PooledByteBufAllocator - -Dio.netty.allocator.maxCachedBufferCapacity: 32768
18:36:25.237 [main] DEBUG io.netty.buffer.PooledByteBufAllocator - -Dio.netty.allocator.cacheTrimInterval: 8192
18:36:25.237 [main] DEBUG io.netty.buffer.PooledByteBufAllocator - -Dio.netty.allocator.cacheTrimIntervalMillis: 0
18:36:25.237 [main] DEBUG io.netty.buffer.PooledByteBufAllocator - -Dio.netty.allocator.useCacheForAllThreads: false
18:36:25.237 [main] DEBUG io.netty.buffer.PooledByteBufAllocator - -Dio.netty.allocator.maxCachedByteBuffersPerChunk: 1023
18:36:25.258 [main] DEBUG io.netty.buffer.ByteBufUtil - -Dio.netty.allocator.type: pooled
18:36:25.258 [main] DEBUG io.netty.buffer.ByteBufUtil - -Dio.netty.threadLocalDirectBufferSize: 0
18:36:25.258 [main] DEBUG io.netty.buffer.ByteBufUtil - -Dio.netty.maxThreadLocalCharBufferSize: 16384
18:36:27.045 [Forwarding newSession on session null to remote] DEBUG io.netty.channel.DefaultChannelId - -Dio.netty.processId: 12304 (auto-detected)
18:36:27.048 [Forwarding newSession on session null to remote] DEBUG io.netty.util.NetUtil - -Djava.net.preferIPv4Stack: false
18:36:27.048 [Forwarding newSession on session null to remote] DEBUG io.netty.util.NetUtil - -Djava.net.preferIPv6Addresses: false
18:36:27.212 [Forwarding newSession on session null to remote] DEBUG io.netty.util.NetUtilInitializations - Loopback interface: lo (Software Loopback Interface 1, 127.0.0.1)
18:36:27.215 [Forwarding newSession on session null to remote] DEBUG io.netty.util.NetUtil - Failed to get SOMAXCONN from sysctl and file \proc\sys\net\core\somaxconn. Default: 200
18:36:27.226 [Forwarding newSession on session null to remote] DEBUG io.netty.channel.DefaultChannelId - -Dio.netty.machineId: 54:8d:5a:ff:fe:ae:8d:f5 (auto-detected)
18:36:27.364 [AsyncHttpClient-1-2] DEBUG io.netty.buffer.AbstractByteBuf - -Dio.netty.buffer.checkAccessible: true
18:36:27.364 [AsyncHttpClient-1-2] DEBUG io.netty.buffer.AbstractByteBuf - -Dio.netty.buffer.checkBounds: true
18:36:27.364 [AsyncHttpClient-1-2] DEBUG io.netty.util.ResourceLeakDetectorFactory - Loaded default ResourceLeakDetector: io.netty.util.ResourceLeakDetector@5ac794d9
18:36:27.396 [AsyncHttpClient-1-2] DEBUG org.asynchttpclient.netty.channel.NettyConnectListener - Using new Channel '[id: 0x9a9147ab, L:/127.0.0.1:55768 - R:localhost/127.0.0.1:45217]' for 'POST' to '/session'
18:36:27.434 [AsyncHttpClient-1-2] DEBUG io.netty.util.Recycler - -Dio.netty.recycler.maxCapacityPerThread: 4096
18:36:27.434 [AsyncHttpClient-1-2] DEBUG io.netty.util.Recycler - -Dio.netty.recycler.ratio: 8
18:36:27.435 [AsyncHttpClient-1-2] DEBUG io.netty.util.Recycler - -Dio.netty.recycler.chunkSize: 32
18:36:27.436 [AsyncHttpClient-1-2] DEBUG io.netty.util.Recycler - -Dio.netty.recycler.blocking: false
18:36:29.655 [AsyncHttpClient-1-2] DEBUG io.netty.handler.codec.compression.Brotli - brotli4j not in the classpath; Brotli support will be unavailable.
18:36:29.655 [AsyncHttpClient-1-2] DEBUG org.asynchttpclient.netty.handler.HttpHandler - 

Request DefaultHttpRequest(decodeResult: success, version: HTTP/1.1)
POST /session HTTP/1.1
User-Agent: selenium/4.8.0 (java windows)
Content-Length: 1629
Content-Type: application/json; charset=utf-8
host: localhost:45217
accept: */*

Response DefaultHttpResponse(decodeResult: success, version: HTTP/1.1)
HTTP/1.1 200 OK
Content-Length: 856
Content-Type: application/json; charset=utf-8
cache-control: no-cache

18:36:29.688 [AsyncHttpClient-1-2] DEBUG org.asynchttpclient.netty.channel.ChannelManager - Adding key: http://localhost:45217 for channel [id: 0x9a9147ab, L:/127.0.0.1:55768 - R:localhost/127.0.0.1:45217]
18:36:29.925 [AsyncHttpClient-1-3] DEBUG org.asynchttpclient.netty.channel.NettyConnectListener - Using new Channel '[id: 0x9c0a19dc, L:/127.0.0.1:55776 - R:localhost/127.0.0.1:55770]' for 'GET' to '/json/version'
18:36:29.928 [AsyncHttpClient-1-3] DEBUG org.asynchttpclient.netty.handler.HttpHandler - 

Request DefaultFullHttpRequest(decodeResult: success, version: HTTP/1.1, content: EmptyByteBufBE)
GET /json/version HTTP/1.1
User-Agent: selenium/4.8.0 (java windows)
host: localhost:55770
accept: */*

Response DefaultHttpResponse(decodeResult: success, version: HTTP/1.1)
HTTP/1.1 200 OK
Content-Security-Policy: frame-ancestors 'none'
Content-Length: 422
Content-Type: application/json; charset=UTF-8

18:36:29.928 [AsyncHttpClient-1-3] DEBUG org.asynchttpclient.netty.channel.ChannelManager - Adding key: http://localhost:55770 for channel [id: 0x9c0a19dc, L:/127.0.0.1:55776 - R:localhost/127.0.0.1:55770]
18:36:29.944 [main] DEBUG io.netty.util.internal.ThreadLocalRandom - -Dio.netty.initialSeedUniquifier: 0x9e33bd42d8290803
18:36:29.960 [AsyncHttpClient-1-4] DEBUG org.asynchttpclient.netty.channel.NettyConnectListener - Using new Channel '[id: 0x55b9230e, L:/127.0.0.1:55777 - R:localhost/127.0.0.1:55770]' for 'GET' to '/devtools/browser/fbd6a51b-f3bb-47c4-aa61-e922accbc558'
18:36:29.964 [AsyncHttpClient-1-4] DEBUG org.asynchttpclient.netty.handler.WebSocketHandler - 

Request DefaultFullHttpRequest(decodeResult: success, version: HTTP/1.1, content: EmptyByteBufBE)
GET /devtools/browser/fbd6a51b-f3bb-47c4-aa61-e922accbc558 HTTP/1.1
upgrade: websocket
connection: upgrade
sec-websocket-key: 7/H0caRwC5NCPdPDAmKiGA==
sec-websocket-version: 13
origin: http://localhost:55770
host: localhost:55770
accept: */*
user-agent: AHC/2.1

Response DefaultHttpResponse(decodeResult: success, version: HTTP/1.1)
HTTP/1.1 101 WebSocket Protocol Handshake
Upgrade: WebSocket
Connection: Upgrade
Sec-WebSocket-Accept: yErNHlSCCWBatFAXMVk+Xu2jCcQ=

18:36:30.230 [Forwarding get on session 544086d904927e1bcabaa5aa0ba11b90 to remote] DEBUG org.asynchttpclient.netty.request.NettyRequestSender - Using pooled Channel '[id: 0x9a9147ab, L:/127.0.0.1:55768 - R:localhost/127.0.0.1:45217]' for 'POST' to 'http://localhost:45217/session/544086d904927e1bcabaa5aa0ba11b90/url'
18:36:30.232 [Forwarding get on session 544086d904927e1bcabaa5aa0ba11b90 to remote] DEBUG org.asynchttpclient.netty.request.NettyRequestSender - Using open Channel [id: 0x9a9147ab, L:/127.0.0.1:55768 - R:localhost/127.0.0.1:45217] for POST '/session/544086d904927e1bcabaa5aa0ba11b90/url'
18:36:30.612 [AsyncHttpClient-1-1] DEBUG org.asynchttpclient.netty.channel.DefaultChannelPool - Entry count for : http://localhost:55770 : 1
18:36:31.761 [AsyncHttpClient-1-1] DEBUG org.asynchttpclient.netty.channel.DefaultChannelPool - Entry count for : http://localhost:55770 : 1
18:36:32.816 [AsyncHttpClient-1-1] DEBUG org.asynchttpclient.netty.channel.DefaultChannelPool - Entry count for : http://localhost:55770 : 1
18:36:33.906 [AsyncHttpClient-1-1] DEBUG org.asynchttpclient.netty.channel.DefaultChannelPool - Entry count for : http://localhost:55770 : 1
18:36:35.015 [AsyncHttpClient-1-1] DEBUG org.asynchttpclient.netty.channel.DefaultChannelPool - Entry count for : http://localhost:55770 : 1
18:36:35.073 [AsyncHttpClient-1-2] DEBUG org.asynchttpclient.netty.handler.HttpHandler - 

Request DefaultHttpRequest(decodeResult: success, version: HTTP/1.1)
POST /session/544086d904927e1bcabaa5aa0ba11b90/url HTTP/1.1
User-Agent: selenium/4.8.0 (java windows)
Content-Length: 74
Content-Type: application/json; charset=utf-8
host: localhost:45217
accept: */*

Response DefaultHttpResponse(decodeResult: success, version: HTTP/1.1)
HTTP/1.1 200 OK
Content-Length: 14
Content-Type: application/json; charset=utf-8
cache-control: no-cache

18:36:35.073 [AsyncHttpClient-1-2] DEBUG org.asynchttpclient.netty.channel.ChannelManager - Adding key: http://localhost:45217 for channel [id: 0x9a9147ab, L:/127.0.0.1:55768 - R:localhost/127.0.0.1:45217]
18:36:35.086 [Forwarding setTimeout on session 544086d904927e1bcabaa5aa0ba11b90 to remote] DEBUG org.asynchttpclient.netty.request.NettyRequestSender - Using pooled Channel '[id: 0x9a9147ab, L:/127.0.0.1:55768 - R:localhost/127.0.0.1:45217]' for 'POST' to 'http://localhost:45217/session/544086d904927e1bcabaa5aa0ba11b90/timeouts'
18:36:35.087 [Forwarding setTimeout on session 544086d904927e1bcabaa5aa0ba11b90 to remote] DEBUG org.asynchttpclient.netty.request.NettyRequestSender - Using open Channel [id: 0x9a9147ab, L:/127.0.0.1:55768 - R:localhost/127.0.0.1:45217] for POST '/session/544086d904927e1bcabaa5aa0ba11b90/timeouts'
18:36:35.099 [AsyncHttpClient-1-2] DEBUG org.asynchttpclient.netty.handler.HttpHandler - 

Request DefaultHttpRequest(decodeResult: success, version: HTTP/1.1)
POST /session/544086d904927e1bcabaa5aa0ba11b90/timeouts HTTP/1.1
User-Agent: selenium/4.8.0 (java windows)
Content-Length: 22
Content-Type: application/json; charset=utf-8
host: localhost:45217
accept: */*

Response DefaultHttpResponse(decodeResult: success, version: HTTP/1.1)
HTTP/1.1 200 OK
Content-Length: 14
Content-Type: application/json; charset=utf-8
cache-control: no-cache

18:36:35.099 [AsyncHttpClient-1-2] DEBUG org.asynchttpclient.netty.channel.ChannelManager - Adding key: http://localhost:45217 for channel [id: 0x9a9147ab, L:/127.0.0.1:55768 - R:localhost/127.0.0.1:45217]
18:36:35.116 [Forwarding getCurrentUrl on session 544086d904927e1bcabaa5aa0ba11b90 to remote] DEBUG org.asynchttpclient.netty.request.NettyRequestSender - Using pooled Channel '[id: 0x9a9147ab, L:/127.0.0.1:55768 - R:localhost/127.0.0.1:45217]' for 'GET' to 'http://localhost:45217/session/544086d904927e1bcabaa5aa0ba11b90/url'
18:36:35.117 [Forwarding getCurrentUrl on session 544086d904927e1bcabaa5aa0ba11b90 to remote] DEBUG org.asynchttpclient.netty.request.NettyRequestSender - Using open Channel [id: 0x9a9147ab, L:/127.0.0.1:55768 - R:localhost/127.0.0.1:45217] for GET '/session/544086d904927e1bcabaa5aa0ba11b90/url'
18:36:35.138 [AsyncHttpClient-1-2] DEBUG org.asynchttpclient.netty.handler.HttpHandler - 

Request DefaultFullHttpRequest(decodeResult: success, version: HTTP/1.1, content: EmptyByteBufBE)
GET /session/544086d904927e1bcabaa5aa0ba11b90/url HTTP/1.1
User-Agent: selenium/4.8.0 (java windows)
Cache-Control: no-cache
Content-Type: application/json; charset=utf-8
host: localhost:45217
accept: */*

Response DefaultHttpResponse(decodeResult: success, version: HTTP/1.1)
HTTP/1.1 200 OK
Content-Length: 51
Content-Type: application/json; charset=utf-8
cache-control: no-cache

18:36:35.138 [AsyncHttpClient-1-2] DEBUG org.asynchttpclient.netty.channel.ChannelManager - Adding key: http://localhost:45217 for channel [id: 0x9a9147ab, L:/127.0.0.1:55768 - R:localhost/127.0.0.1:45217]
18:36:35.152 [Forwarding getCurrentUrl on session 544086d904927e1bcabaa5aa0ba11b90 to remote] DEBUG org.asynchttpclient.netty.request.NettyRequestSender - Using pooled Channel '[id: 0x9a9147ab, L:/127.0.0.1:55768 - R:localhost/127.0.0.1:45217]' for 'GET' to 'http://localhost:45217/session/544086d904927e1bcabaa5aa0ba11b90/url'
18:36:35.152 [Forwarding getCurrentUrl on session 544086d904927e1bcabaa5aa0ba11b90 to remote] DEBUG org.asynchttpclient.netty.request.NettyRequestSender - Using open Channel [id: 0x9a9147ab, L:/127.0.0.1:55768 - R:localhost/127.0.0.1:45217] for GET '/session/544086d904927e1bcabaa5aa0ba11b90/url'
18:36:35.161 [AsyncHttpClient-1-2] DEBUG org.asynchttpclient.netty.handler.HttpHandler - 

Request DefaultFullHttpRequest(decodeResult: success, version: HTTP/1.1, content: EmptyByteBufBE)
GET /session/544086d904927e1bcabaa5aa0ba11b90/url HTTP/1.1
User-Agent: selenium/4.8.0 (java windows)
Cache-Control: no-cache
Content-Type: application/json; charset=utf-8
host: localhost:45217
accept: */*

Response DefaultHttpResponse(decodeResult: success, version: HTTP/1.1)
HTTP/1.1 200 OK
Content-Length: 51
Content-Type: application/json; charset=utf-8
cache-control: no-cache

18:36:35.163 [AsyncHttpClient-1-2] DEBUG org.asynchttpclient.netty.channel.ChannelManager - Adding key: http://localhost:45217 for channel [id: 0x9a9147ab, L:/127.0.0.1:55768 - R:localhost/127.0.0.1:45217]
18:36:35.185 [Forwarding findElement on session 544086d904927e1bcabaa5aa0ba11b90 to remote] DEBUG org.asynchttpclient.netty.request.NettyRequestSender - Using pooled Channel '[id: 0x9a9147ab, L:/127.0.0.1:55768 - R:localhost/127.0.0.1:45217]' for 'POST' to 'http://localhost:45217/session/544086d904927e1bcabaa5aa0ba11b90/element'
18:36:35.185 [Forwarding findElement on session 544086d904927e1bcabaa5aa0ba11b90 to remote] DEBUG org.asynchttpclient.netty.request.NettyRequestSender - Using open Channel [id: 0x9a9147ab, L:/127.0.0.1:55768 - R:localhost/127.0.0.1:45217] for POST '/session/544086d904927e1bcabaa5aa0ba11b90/element'
18:36:35.216 [AsyncHttpClient-1-2] DEBUG org.asynchttpclient.netty.handler.HttpHandler - 

Request DefaultHttpRequest(decodeResult: success, version: HTTP/1.1)
POST /session/544086d904927e1bcabaa5aa0ba11b90/element HTTP/1.1
User-Agent: selenium/4.8.0 (java windows)
Content-Length: 69
Content-Type: application/json; charset=utf-8
host: localhost:45217
accept: */*

Response DefaultHttpResponse(decodeResult: success, version: HTTP/1.1)
HTTP/1.1 200 OK
Content-Length: 94
Content-Type: application/json; charset=utf-8
cache-control: no-cache

18:36:35.216 [AsyncHttpClient-1-2] DEBUG org.asynchttpclient.netty.channel.ChannelManager - Adding key: http://localhost:45217 for channel [id: 0x9a9147ab, L:/127.0.0.1:55768 - R:localhost/127.0.0.1:45217]
18:36:35.249 [Forwarding isElementDisplayed on session 544086d904927e1bcabaa5aa0ba11b90 to remote] DEBUG org.asynchttpclient.netty.request.NettyRequestSender - Using pooled Channel '[id: 0x9a9147ab, L:/127.0.0.1:55768 - R:localhost/127.0.0.1:45217]' for 'POST' to 'http://localhost:45217/session/544086d904927e1bcabaa5aa0ba11b90/execute/sync'
18:36:35.249 [Forwarding isElementDisplayed on session 544086d904927e1bcabaa5aa0ba11b90 to remote] DEBUG org.asynchttpclient.netty.request.NettyRequestSender - Using open Channel [id: 0x9a9147ab, L:/127.0.0.1:55768 - R:localhost/127.0.0.1:45217] for POST '/session/544086d904927e1bcabaa5aa0ba11b90/execute/sync'
18:36:35.302 [AsyncHttpClient-1-2] DEBUG org.asynchttpclient.netty.handler.HttpHandler - 

Request DefaultHttpRequest(decodeResult: success, version: HTTP/1.1)
POST /session/544086d904927e1bcabaa5aa0ba11b90/execute/sync HTTP/1.1
User-Agent: selenium/4.8.0 (java windows)
Content-Length: 48813
Content-Type: application/json; charset=utf-8
host: localhost:45217
accept: */*

Response DefaultHttpResponse(decodeResult: success, version: HTTP/1.1)
HTTP/1.1 200 OK
Content-Length: 14
Content-Type: application/json; charset=utf-8
cache-control: no-cache

18:36:35.303 [AsyncHttpClient-1-2] DEBUG org.asynchttpclient.netty.channel.ChannelManager - Adding key: http://localhost:45217 for channel [id: 0x9a9147ab, L:/127.0.0.1:55768 - R:localhost/127.0.0.1:45217]
18:36:35.310 [Forwarding isElementDisplayed on session 544086d904927e1bcabaa5aa0ba11b90 to remote] DEBUG org.asynchttpclient.netty.request.NettyRequestSender - Using pooled Channel '[id: 0x9a9147ab, L:/127.0.0.1:55768 - R:localhost/127.0.0.1:45217]' for 'POST' to 'http://localhost:45217/session/544086d904927e1bcabaa5aa0ba11b90/execute/sync'
18:36:35.310 [Forwarding isElementDisplayed on session 544086d904927e1bcabaa5aa0ba11b90 to remote] DEBUG org.asynchttpclient.netty.request.NettyRequestSender - Using open Channel [id: 0x9a9147ab, L:/127.0.0.1:55768 - R:localhost/127.0.0.1:45217] for POST '/session/544086d904927e1bcabaa5aa0ba11b90/execute/sync'
18:36:35.334 [AsyncHttpClient-1-2] DEBUG org.asynchttpclient.netty.handler.HttpHandler - 

Request DefaultHttpRequest(decodeResult: success, version: HTTP/1.1)
POST /session/544086d904927e1bcabaa5aa0ba11b90/execute/sync HTTP/1.1
User-Agent: selenium/4.8.0 (java windows)
Content-Length: 48813
Content-Type: application/json; charset=utf-8
host: localhost:45217
accept: */*

Response DefaultHttpResponse(decodeResult: success, version: HTTP/1.1)
HTTP/1.1 200 OK
Content-Length: 14
Content-Type: application/json; charset=utf-8
cache-control: no-cache

18:36:35.335 [AsyncHttpClient-1-2] DEBUG org.asynchttpclient.netty.channel.ChannelManager - Adding key: http://localhost:45217 for channel [id: 0x9a9147ab, L:/127.0.0.1:55768 - R:localhost/127.0.0.1:45217]
18:36:35.359 [main] DEBUG net.thucydides.core.steps.StepInterceptor - STEP DONE: onLoginPage
  &amp#27;[32mGiven &amp#27;[0m&amp#27;[32muser on login page&amp#27;[0m                                        &amp#27;[90m# starter.stepdefinitions.LoginSteps.userOnLoginPage()&amp#27;[0m
18:36:35.413 [main] DEBUG net.thucydides.core.steps.StepInterceptor - STARTING STEP: LoginSteps.userInputValidEmail - inputEmailField
18:36:35.420 [Forwarding findElement on session 544086d904927e1bcabaa5aa0ba11b90 to remote] DEBUG org.asynchttpclient.netty.request.NettyRequestSender - Using pooled Channel '[id: 0x9a9147ab, L:/127.0.0.1:55768 - R:localhost/127.0.0.1:45217]' for 'POST' to 'http://localhost:45217/session/544086d904927e1bcabaa5aa0ba11b90/element'
18:36:35.420 [Forwarding findElement on session 544086d904927e1bcabaa5aa0ba11b90 to remote] DEBUG org.asynchttpclient.netty.request.NettyRequestSender - Using open Channel [id: 0x9a9147ab, L:/127.0.0.1:55768 - R:localhost/127.0.0.1:45217] for POST '/session/544086d904927e1bcabaa5aa0ba11b90/element'
18:36:35.437 [AsyncHttpClient-1-2] DEBUG org.asynchttpclient.netty.handler.HttpHandler - 

Request DefaultHttpRequest(decodeResult: success, version: HTTP/1.1)
POST /session/544086d904927e1bcabaa5aa0ba11b90/element HTTP/1.1
User-Agent: selenium/4.8.0 (java windows)
Content-Length: 106
Content-Type: application/json; charset=utf-8
host: localhost:45217
accept: */*

Response DefaultHttpResponse(decodeResult: success, version: HTTP/1.1)
HTTP/1.1 200 OK
Content-Length: 94
Content-Type: application/json; charset=utf-8
cache-control: no-cache

18:36:35.437 [AsyncHttpClient-1-2] DEBUG org.asynchttpclient.netty.channel.ChannelManager - Adding key: http://localhost:45217 for channel [id: 0x9a9147ab, L:/127.0.0.1:55768 - R:localhost/127.0.0.1:45217]
18:36:35.441 [Forwarding clearElement on session 544086d904927e1bcabaa5aa0ba11b90 to remote] DEBUG org.asynchttpclient.netty.request.NettyRequestSender - Using pooled Channel '[id: 0x9a9147ab, L:/127.0.0.1:55768 - R:localhost/127.0.0.1:45217]' for 'POST' to 'http://localhost:45217/session/544086d904927e1bcabaa5aa0ba11b90/element/21F128E3BDFDB93DEEB7C3CAF029E955_element_6/clear'
18:36:35.441 [Forwarding clearElement on session 544086d904927e1bcabaa5aa0ba11b90 to remote] DEBUG org.asynchttpclient.netty.request.NettyRequestSender - Using open Channel [id: 0x9a9147ab, L:/127.0.0.1:55768 - R:localhost/127.0.0.1:45217] for POST '/session/544086d904927e1bcabaa5aa0ba11b90/element/21F128E3BDFDB93DEEB7C3CAF029E955_element_6/clear'
18:36:35.556 [AsyncHttpClient-1-2] DEBUG org.asynchttpclient.netty.handler.HttpHandler - 

Request DefaultHttpRequest(decodeResult: success, version: HTTP/1.1)
POST /session/544086d904927e1bcabaa5aa0ba11b90/element/21F128E3BDFDB93DEEB7C3CAF029E955_element_6/clear HTTP/1.1
User-Agent: selenium/4.8.0 (java windows)
Content-Length: 56
Content-Type: application/json; charset=utf-8
host: localhost:45217
accept: */*

Response DefaultHttpResponse(decodeResult: success, version: HTTP/1.1)
HTTP/1.1 200 OK
Content-Length: 14
Content-Type: application/json; charset=utf-8
cache-control: no-cache

18:36:35.556 [AsyncHttpClient-1-2] DEBUG org.asynchttpclient.netty.channel.ChannelManager - Adding key: http://localhost:45217 for channel [id: 0x9a9147ab, L:/127.0.0.1:55768 - R:localhost/127.0.0.1:45217]
18:36:35.561 [Forwarding sendKeysToElement on session 544086d904927e1bcabaa5aa0ba11b90 to remote] DEBUG org.asynchttpclient.netty.request.NettyRequestSender - Using pooled Channel '[id: 0x9a9147ab, L:/127.0.0.1:55768 - R:localhost/127.0.0.1:45217]' for 'POST' to 'http://localhost:45217/session/544086d904927e1bcabaa5aa0ba11b90/element/21F128E3BDFDB93DEEB7C3CAF029E955_element_6/value'
18:36:35.561 [Forwarding sendKeysToElement on session 544086d904927e1bcabaa5aa0ba11b90 to remote] DEBUG org.asynchttpclient.netty.request.NettyRequestSender - Using open Channel [id: 0x9a9147ab, L:/127.0.0.1:55768 - R:localhost/127.0.0.1:45217] for POST '/session/544086d904927e1bcabaa5aa0ba11b90/element/21F128E3BDFDB93DEEB7C3CAF029E955_element_6/value'
18:36:35.999 [AsyncHttpClient-1-2] DEBUG org.asynchttpclient.netty.handler.HttpHandler - 

Request DefaultHttpRequest(decodeResult: success, version: HTTP/1.1)
POST /session/544086d904927e1bcabaa5aa0ba11b90/element/21F128E3BDFDB93DEEB7C3CAF029E955_element_6/value HTTP/1.1
User-Agent: selenium/4.8.0 (java windows)
Content-Length: 337
Content-Type: application/json; charset=utf-8
host: localhost:45217
accept: */*

Response DefaultHttpResponse(decodeResult: success, version: HTTP/1.1)
HTTP/1.1 200 OK
Content-Length: 14
Content-Type: application/json; charset=utf-8
cache-control: no-cache

18:36:36.001 [AsyncHttpClient-1-2] DEBUG org.asynchttpclient.netty.channel.ChannelManager - Adding key: http://localhost:45217 for channel [id: 0x9a9147ab, L:/127.0.0.1:55768 - R:localhost/127.0.0.1:45217]
18:36:36.018 [main] DEBUG net.thucydides.core.steps.StepInterceptor - STEP DONE: inputEmailField
  &amp#27;[32mWhen &amp#27;[0m&amp#27;[32muser input valid email&amp#27;[0m                                     &amp#27;[90m# starter.stepdefinitions.LoginSteps.userInputValidEmail()&amp#27;[0m
18:36:36.049 [main] DEBUG net.thucydides.core.steps.StepInterceptor - STARTING STEP: LoginSteps.userInputValidPassword - inputPasswordField
18:36:36.057 [Forwarding findElement on session 544086d904927e1bcabaa5aa0ba11b90 to remote] DEBUG org.asynchttpclient.netty.request.NettyRequestSender - Using pooled Channel '[id: 0x9a9147ab, L:/127.0.0.1:55768 - R:localhost/127.0.0.1:45217]' for 'POST' to 'http://localhost:45217/session/544086d904927e1bcabaa5aa0ba11b90/element'
18:36:36.059 [Forwarding findElement on session 544086d904927e1bcabaa5aa0ba11b90 to remote] DEBUG org.asynchttpclient.netty.request.NettyRequestSender - Using open Channel [id: 0x9a9147ab, L:/127.0.0.1:55768 - R:localhost/127.0.0.1:45217] for POST '/session/544086d904927e1bcabaa5aa0ba11b90/element'
18:36:36.135 [AsyncHttpClient-1-1] DEBUG org.asynchttpclient.netty.channel.DefaultChannelPool - Entry count for : http://localhost:55770 : 1
18:36:36.197 [AsyncHttpClient-1-2] DEBUG org.asynchttpclient.netty.handler.HttpHandler - 

Request DefaultHttpRequest(decodeResult: success, version: HTTP/1.1)
POST /session/544086d904927e1bcabaa5aa0ba11b90/element HTTP/1.1
User-Agent: selenium/4.8.0 (java windows)
Content-Length: 109
Content-Type: application/json; charset=utf-8
host: localhost:45217
accept: */*

Response DefaultHttpResponse(decodeResult: success, version: HTTP/1.1)
HTTP/1.1 200 OK
Content-Length: 94
Content-Type: application/json; charset=utf-8
cache-control: no-cache

18:36:36.198 [AsyncHttpClient-1-2] DEBUG org.asynchttpclient.netty.channel.ChannelManager - Adding key: http://localhost:45217 for channel [id: 0x9a9147ab, L:/127.0.0.1:55768 - R:localhost/127.0.0.1:45217]
18:36:36.202 [Forwarding clearElement on session 544086d904927e1bcabaa5aa0ba11b90 to remote] DEBUG org.asynchttpclient.netty.request.NettyRequestSender - Using pooled Channel '[id: 0x9a9147ab, L:/127.0.0.1:55768 - R:localhost/127.0.0.1:45217]' for 'POST' to 'http://localhost:45217/session/544086d904927e1bcabaa5aa0ba11b90/element/21F128E3BDFDB93DEEB7C3CAF029E955_element_8/clear'
18:36:36.202 [Forwarding clearElement on session 544086d904927e1bcabaa5aa0ba11b90 to remote] DEBUG org.asynchttpclient.netty.request.NettyRequestSender - Using open Channel [id: 0x9a9147ab, L:/127.0.0.1:55768 - R:localhost/127.0.0.1:45217] for POST '/session/544086d904927e1bcabaa5aa0ba11b90/element/21F128E3BDFDB93DEEB7C3CAF029E955_element_8/clear'
18:36:36.245 [AsyncHttpClient-1-2] DEBUG org.asynchttpclient.netty.handler.HttpHandler - 

Request DefaultHttpRequest(decodeResult: success, version: HTTP/1.1)
POST /session/544086d904927e1bcabaa5aa0ba11b90/element/21F128E3BDFDB93DEEB7C3CAF029E955_element_8/clear HTTP/1.1
User-Agent: selenium/4.8.0 (java windows)
Content-Length: 56
Content-Type: application/json; charset=utf-8
host: localhost:45217
accept: */*

Response DefaultHttpResponse(decodeResult: success, version: HTTP/1.1)
HTTP/1.1 200 OK
Content-Length: 14
Content-Type: application/json; charset=utf-8
cache-control: no-cache

18:36:36.245 [AsyncHttpClient-1-2] DEBUG org.asynchttpclient.netty.channel.ChannelManager - Adding key: http://localhost:45217 for channel [id: 0x9a9147ab, L:/127.0.0.1:55768 - R:localhost/127.0.0.1:45217]
18:36:36.251 [Forwarding sendKeysToElement on session 544086d904927e1bcabaa5aa0ba11b90 to remote] DEBUG org.asynchttpclient.netty.request.NettyRequestSender - Using pooled Channel '[id: 0x9a9147ab, L:/127.0.0.1:55768 - R:localhost/127.0.0.1:45217]' for 'POST' to 'http://localhost:45217/session/544086d904927e1bcabaa5aa0ba11b90/element/21F128E3BDFDB93DEEB7C3CAF029E955_element_8/value'
18:36:36.251 [Forwarding sendKeysToElement on session 544086d904927e1bcabaa5aa0ba11b90 to remote] DEBUG org.asynchttpclient.netty.request.NettyRequestSender - Using open Channel [id: 0x9a9147ab, L:/127.0.0.1:55768 - R:localhost/127.0.0.1:45217] for POST '/session/544086d904927e1bcabaa5aa0ba11b90/element/21F128E3BDFDB93DEEB7C3CAF029E955_element_8/value'
18:36:36.374 [AsyncHttpClient-1-2] DEBUG org.asynchttpclient.netty.handler.HttpHandler - 

Request DefaultHttpRequest(decodeResult: success, version: HTTP/1.1)
POST /session/544086d904927e1bcabaa5aa0ba11b90/element/21F128E3BDFDB93DEEB7C3CAF029E955_element_8/value HTTP/1.1
User-Agent: selenium/4.8.0 (java windows)
Content-Length: 157
Content-Type: application/json; charset=utf-8
host: localhost:45217
accept: */*

Response DefaultHttpResponse(decodeResult: success, version: HTTP/1.1)
HTTP/1.1 200 OK
Content-Length: 14
Content-Type: application/json; charset=utf-8
cache-control: no-cache

18:36:36.375 [AsyncHttpClient-1-2] DEBUG org.asynchttpclient.netty.channel.ChannelManager - Adding key: http://localhost:45217 for channel [id: 0x9a9147ab, L:/127.0.0.1:55768 - R:localhost/127.0.0.1:45217]
18:36:36.379 [main] DEBUG net.thucydides.core.steps.StepInterceptor - STEP DONE: inputPasswordField
  &amp#27;[32mAnd &amp#27;[0m&amp#27;[32muser input valid password&amp#27;[0m                                   &amp#27;[90m# starter.stepdefinitions.LoginSteps.userInputValidPassword()&amp#27;[0m
18:36:36.393 [main] DEBUG net.thucydides.core.steps.StepInterceptor - STARTING STEP: LoginSteps.userClickLoginButton - clickLoginBtn
18:36:36.405 [Forwarding findElement on session 544086d904927e1bcabaa5aa0ba11b90 to remote] DEBUG org.asynchttpclient.netty.request.NettyRequestSender - Using pooled Channel '[id: 0x9a9147ab, L:/127.0.0.1:55768 - R:localhost/127.0.0.1:45217]' for 'POST' to 'http://localhost:45217/session/544086d904927e1bcabaa5aa0ba11b90/element'
18:36:36.405 [Forwarding findElement on session 544086d904927e1bcabaa5aa0ba11b90 to remote] DEBUG org.asynchttpclient.netty.request.NettyRequestSender - Using open Channel [id: 0x9a9147ab, L:/127.0.0.1:55768 - R:localhost/127.0.0.1:45217] for POST '/session/544086d904927e1bcabaa5aa0ba11b90/element'
18:36:36.437 [AsyncHttpClient-1-2] DEBUG org.asynchttpclient.netty.handler.HttpHandler - 

Request DefaultHttpRequest(decodeResult: success, version: HTTP/1.1)
POST /session/544086d904927e1bcabaa5aa0ba11b90/element HTTP/1.1
User-Agent: selenium/4.8.0 (java windows)
Content-Length: 69
Content-Type: application/json; charset=utf-8
host: localhost:45217
accept: */*

Response DefaultHttpResponse(decodeResult: success, version: HTTP/1.1)
HTTP/1.1 200 OK
Content-Length: 94
Content-Type: application/json; charset=utf-8
cache-control: no-cache

18:36:36.437 [AsyncHttpClient-1-2] DEBUG org.asynchttpclient.netty.channel.ChannelManager - Adding key: http://localhost:45217 for channel [id: 0x9a9147ab, L:/127.0.0.1:55768 - R:localhost/127.0.0.1:45217]
18:36:36.443 [Forwarding getElementTagName on session 544086d904927e1bcabaa5aa0ba11b90 to remote] DEBUG org.asynchttpclient.netty.request.NettyRequestSender - Using pooled Channel '[id: 0x9a9147ab, L:/127.0.0.1:55768 - R:localhost/127.0.0.1:45217]' for 'GET' to 'http://localhost:45217/session/544086d904927e1bcabaa5aa0ba11b90/element/21F128E3BDFDB93DEEB7C3CAF029E955_element_5/name'
18:36:36.444 [Forwarding getElementTagName on session 544086d904927e1bcabaa5aa0ba11b90 to remote] DEBUG org.asynchttpclient.netty.request.NettyRequestSender - Using open Channel [id: 0x9a9147ab, L:/127.0.0.1:55768 - R:localhost/127.0.0.1:45217] for GET '/session/544086d904927e1bcabaa5aa0ba11b90/element/21F128E3BDFDB93DEEB7C3CAF029E955_element_5/name'
18:36:36.458 [AsyncHttpClient-1-2] DEBUG org.asynchttpclient.netty.handler.HttpHandler - 

Request DefaultFullHttpRequest(decodeResult: success, version: HTTP/1.1, content: EmptyByteBufBE)
GET /session/544086d904927e1bcabaa5aa0ba11b90/element/21F128E3BDFDB93DEEB7C3CAF029E955_element_5/name HTTP/1.1
User-Agent: selenium/4.8.0 (java windows)
Cache-Control: no-cache
Content-Type: application/json; charset=utf-8
host: localhost:45217
accept: */*

Response DefaultHttpResponse(decodeResult: success, version: HTTP/1.1)
HTTP/1.1 200 OK
Content-Length: 16
Content-Type: application/json; charset=utf-8
cache-control: no-cache

18:36:36.459 [AsyncHttpClient-1-2] DEBUG org.asynchttpclient.netty.channel.ChannelManager - Adding key: http://localhost:45217 for channel [id: 0x9a9147ab, L:/127.0.0.1:55768 - R:localhost/127.0.0.1:45217]
18:36:36.466 [Forwarding getElementTagName on session 544086d904927e1bcabaa5aa0ba11b90 to remote] DEBUG org.asynchttpclient.netty.request.NettyRequestSender - Using pooled Channel '[id: 0x9a9147ab, L:/127.0.0.1:55768 - R:localhost/127.0.0.1:45217]' for 'GET' to 'http://localhost:45217/session/544086d904927e1bcabaa5aa0ba11b90/element/21F128E3BDFDB93DEEB7C3CAF029E955_element_5/name'
18:36:36.466 [Forwarding getElementTagName on session 544086d904927e1bcabaa5aa0ba11b90 to remote] DEBUG org.asynchttpclient.netty.request.NettyRequestSender - Using open Channel [id: 0x9a9147ab, L:/127.0.0.1:55768 - R:localhost/127.0.0.1:45217] for GET '/session/544086d904927e1bcabaa5aa0ba11b90/element/21F128E3BDFDB93DEEB7C3CAF029E955_element_5/name'
18:36:36.475 [AsyncHttpClient-1-2] DEBUG org.asynchttpclient.netty.handler.HttpHandler - 

Request DefaultFullHttpRequest(decodeResult: success, version: HTTP/1.1, content: EmptyByteBufBE)
GET /session/544086d904927e1bcabaa5aa0ba11b90/element/21F128E3BDFDB93DEEB7C3CAF029E955_element_5/name HTTP/1.1
User-Agent: selenium/4.8.0 (java windows)
Cache-Control: no-cache
Content-Type: application/json; charset=utf-8
host: localhost:45217
accept: */*

Response DefaultHttpResponse(decodeResult: success, version: HTTP/1.1)
HTTP/1.1 200 OK
Content-Length: 16
Content-Type: application/json; charset=utf-8
cache-control: no-cache

18:36:36.475 [AsyncHttpClient-1-2] DEBUG org.asynchttpclient.netty.channel.ChannelManager - Adding key: http://localhost:45217 for channel [id: 0x9a9147ab, L:/127.0.0.1:55768 - R:localhost/127.0.0.1:45217]
18:36:36.483 [Forwarding findElement on session 544086d904927e1bcabaa5aa0ba11b90 to remote] DEBUG org.asynchttpclient.netty.request.NettyRequestSender - Using pooled Channel '[id: 0x9a9147ab, L:/127.0.0.1:55768 - R:localhost/127.0.0.1:45217]' for 'POST' to 'http://localhost:45217/session/544086d904927e1bcabaa5aa0ba11b90/element'
18:36:36.483 [Forwarding findElement on session 544086d904927e1bcabaa5aa0ba11b90 to remote] DEBUG org.asynchttpclient.netty.request.NettyRequestSender - Using open Channel [id: 0x9a9147ab, L:/127.0.0.1:55768 - R:localhost/127.0.0.1:45217] for POST '/session/544086d904927e1bcabaa5aa0ba11b90/element'
18:36:36.496 [AsyncHttpClient-1-2] DEBUG org.asynchttpclient.netty.handler.HttpHandler - 

Request DefaultHttpRequest(decodeResult: success, version: HTTP/1.1)
POST /session/544086d904927e1bcabaa5aa0ba11b90/element HTTP/1.1
User-Agent: selenium/4.8.0 (java windows)
Content-Length: 69
Content-Type: application/json; charset=utf-8
host: localhost:45217
accept: */*

Response DefaultHttpResponse(decodeResult: success, version: HTTP/1.1)
HTTP/1.1 200 OK
Content-Length: 94
Content-Type: application/json; charset=utf-8
cache-control: no-cache

18:36:36.496 [AsyncHttpClient-1-2] DEBUG org.asynchttpclient.netty.channel.ChannelManager - Adding key: http://localhost:45217 for channel [id: 0x9a9147ab, L:/127.0.0.1:55768 - R:localhost/127.0.0.1:45217]
18:36:36.500 [Forwarding clickElement on session 544086d904927e1bcabaa5aa0ba11b90 to remote] DEBUG org.asynchttpclient.netty.request.NettyRequestSender - Using pooled Channel '[id: 0x9a9147ab, L:/127.0.0.1:55768 - R:localhost/127.0.0.1:45217]' for 'POST' to 'http://localhost:45217/session/544086d904927e1bcabaa5aa0ba11b90/element/21F128E3BDFDB93DEEB7C3CAF029E955_element_5/click'
18:36:36.500 [Forwarding clickElement on session 544086d904927e1bcabaa5aa0ba11b90 to remote] DEBUG org.asynchttpclient.netty.request.NettyRequestSender - Using open Channel [id: 0x9a9147ab, L:/127.0.0.1:55768 - R:localhost/127.0.0.1:45217] for POST '/session/544086d904927e1bcabaa5aa0ba11b90/element/21F128E3BDFDB93DEEB7C3CAF029E955_element_5/click'
18:36:36.592 [AsyncHttpClient-1-2] DEBUG org.asynchttpclient.netty.handler.HttpHandler - 

Request DefaultHttpRequest(decodeResult: success, version: HTTP/1.1)
POST /session/544086d904927e1bcabaa5aa0ba11b90/element/21F128E3BDFDB93DEEB7C3CAF029E955_element_5/click HTTP/1.1
User-Agent: selenium/4.8.0 (java windows)
Content-Length: 56
Content-Type: application/json; charset=utf-8
host: localhost:45217
accept: */*

Response DefaultHttpResponse(decodeResult: success, version: HTTP/1.1)
HTTP/1.1 200 OK
Content-Length: 14
Content-Type: application/json; charset=utf-8
cache-control: no-cache

18:36:36.593 [AsyncHttpClient-1-2] DEBUG org.asynchttpclient.netty.channel.ChannelManager - Adding key: http://localhost:45217 for channel [id: 0x9a9147ab, L:/127.0.0.1:55768 - R:localhost/127.0.0.1:45217]
18:36:36.597 [main] DEBUG net.thucydides.core.steps.StepInterceptor - STEP DONE: clickLoginBtn
  &amp#27;[32mAnd &amp#27;[0m&amp#27;[32muser click login button&amp#27;[0m                                     &amp#27;[90m# starter.stepdefinitions.LoginSteps.userClickLoginButton()&amp#27;[0m
18:36:36.619 [main] DEBUG net.thucydides.core.steps.StepInterceptor - STARTING STEP: LoginSteps.userOnProductsPage - userOnProductsPage
18:36:36.626 [Forwarding findElement on session 544086d904927e1bcabaa5aa0ba11b90 to remote] DEBUG org.asynchttpclient.netty.request.NettyRequestSender - Using pooled Channel '[id: 0x9a9147ab, L:/127.0.0.1:55768 - R:localhost/127.0.0.1:45217]' for 'POST' to 'http://localhost:45217/session/544086d904927e1bcabaa5aa0ba11b90/element'
18:36:36.626 [Forwarding findElement on session 544086d904927e1bcabaa5aa0ba11b90 to remote] DEBUG org.asynchttpclient.netty.request.NettyRequestSender - Using open Channel [id: 0x9a9147ab, L:/127.0.0.1:55768 - R:localhost/127.0.0.1:45217] for POST '/session/544086d904927e1bcabaa5aa0ba11b90/element'
18:36:36.726 [AsyncHttpClient-1-2] DEBUG org.asynchttpclient.netty.handler.HttpHandler - 

Request DefaultHttpRequest(decodeResult: success, version: HTTP/1.1)
POST /session/544086d904927e1bcabaa5aa0ba11b90/element HTTP/1.1
User-Agent: selenium/4.8.0 (java windows)
Content-Length: 75
Content-Type: application/json; charset=utf-8
host: localhost:45217
accept: */*

Response DefaultHttpResponse(decodeResult: success, version: HTTP/1.1)
HTTP/1.1 200 OK
Content-Length: 94
Content-Type: application/json; charset=utf-8
cache-control: no-cache

18:36:36.726 [AsyncHttpClient-1-2] DEBUG org.asynchttpclient.netty.channel.ChannelManager - Adding key: http://localhost:45217 for channel [id: 0x9a9147ab, L:/127.0.0.1:55768 - R:localhost/127.0.0.1:45217]
18:36:36.735 [Forwarding isElementDisplayed on session 544086d904927e1bcabaa5aa0ba11b90 to remote] DEBUG org.asynchttpclient.netty.request.NettyRequestSender - Using pooled Channel '[id: 0x9a9147ab, L:/127.0.0.1:55768 - R:localhost/127.0.0.1:45217]' for 'POST' to 'http://localhost:45217/session/544086d904927e1bcabaa5aa0ba11b90/execute/sync'
18:36:36.735 [Forwarding isElementDisplayed on session 544086d904927e1bcabaa5aa0ba11b90 to remote] DEBUG org.asynchttpclient.netty.request.NettyRequestSender - Using open Channel [id: 0x9a9147ab, L:/127.0.0.1:55768 - R:localhost/127.0.0.1:45217] for POST '/session/544086d904927e1bcabaa5aa0ba11b90/execute/sync'
18:36:36.785 [AsyncHttpClient-1-2] DEBUG org.asynchttpclient.netty.handler.HttpHandler - 

Request DefaultHttpRequest(decodeResult: success, version: HTTP/1.1)
POST /session/544086d904927e1bcabaa5aa0ba11b90/execute/sync HTTP/1.1
User-Agent: selenium/4.8.0 (java windows)
Content-Length: 48813
Content-Type: application/json; charset=utf-8
host: localhost:45217
accept: */*

Response DefaultHttpResponse(decodeResult: success, version: HTTP/1.1)
HTTP/1.1 200 OK
Content-Length: 14
Content-Type: application/json; charset=utf-8
cache-control: no-cache

18:36:36.785 [AsyncHttpClient-1-2] DEBUG org.asynchttpclient.netty.channel.ChannelManager - Adding key: http://localhost:45217 for channel [id: 0x9a9147ab, L:/127.0.0.1:55768 - R:localhost/127.0.0.1:45217]
18:36:36.787 [main] DEBUG net.thucydides.core.steps.StepInterceptor - STEP DONE: userOnProductsPage
  &amp#27;[32mThen &amp#27;[0m&amp#27;[32muser on products page&amp#27;[0m                                      &amp#27;[90m# starter.stepdefinitions.LoginSteps.userOnProductsPage()&amp#27;[0m
18:36:36.797 [main] INFO  - 
  _____   ___   ___   _____     ___     _     ___   ___   ___   ___  
 |_   _| | __| / __| |_   _|   | _ \   /_\   / __| / __| | __| |   \ 
   | |   | _|  \__ \   | |     |  _/  / _ \  \__ \ \__ \ | _|  | |) |
   |_|   |___| |___/   |_|     |_|   /_/ \_\ |___/ |___/ |___| |___/ 

As a user I want to login with valid email dan password
----------------------------------------------------------------------
18:36:36.943 [AsyncHttpClient-1-4] DEBUG org.asynchttpclient.netty.handler.WebSocketHandler - Channel Closed: [id: 0x55b9230e, L:/127.0.0.1:55777 ! R:localhost/127.0.0.1:55770] with attribute NettyResponseFuture{currentRetry=0,
	isDone=1,
	isCancelled=0,
	asyncHandler=org.asynchttpclient.ws.WebSocketUpgradeHandler@27e4fd34,
	nettyRequest=org.asynchttpclient.netty.request.NettyRequest@1693f00e,
	future=java.util.concurrent.CompletableFuture@235864ff[Completed normally],
	uri=ws://localhost:55770/devtools/browser/fbd6a51b-f3bb-47c4-aa61-e922accbc558,
	keepAlive=true,
	redirectCount=0,
	timeoutsHolder=null,
	inAuth=0,
	touch=1683891390016}
18:36:36.943 [AsyncHttpClient-1-4] DEBUG org.asynchttpclient.netty.channel.ChannelManager - Closing Channel [id: 0x55b9230e, L:/127.0.0.1:55777 ! R:localhost/127.0.0.1:55770] 
18:36:36.985 [Driver Command Executor] DEBUG org.asynchttpclient.netty.request.NettyRequestSender - Using pooled Channel '[id: 0x9a9147ab, L:/127.0.0.1:55768 - R:localhost/127.0.0.1:45217]' for 'DELETE' to 'http://localhost:45217/session/544086d904927e1bcabaa5aa0ba11b90'
18:36:36.985 [Driver Command Executor] DEBUG org.asynchttpclient.netty.request.NettyRequestSender - Using open Channel [id: 0x9a9147ab, L:/127.0.0.1:55768 - R:localhost/127.0.0.1:45217] for DELETE '/session/544086d904927e1bcabaa5aa0ba11b90'
18:36:37.208 [AsyncHttpClient-1-1] DEBUG org.asynchttpclient.netty.channel.DefaultChannelPool - Entry count for : http://localhost:55770 : 1
18:36:38.310 [AsyncHttpClient-1-3] DEBUG org.asynchttpclient.netty.handler.HttpHandler - Unexpected I/O exception on channel [id: 0x9c0a19dc, L:/127.0.0.1:55776 - R:localhost/127.0.0.1:55770]
java.io.IOException: An existing connection was forcibly closed by the remote host
	at sun.nio.ch.SocketDispatcher.read0(Native Method)
	at sun.nio.ch.SocketDispatcher.read(SocketDispatcher.java:43)
	at sun.nio.ch.IOUtil.readIntoNativeBuffer(IOUtil.java:223)
	at sun.nio.ch.IOUtil.read(IOUtil.java:192)
	at sun.nio.ch.SocketChannelImpl.read(SocketChannelImpl.java:378)
	at io.netty.buffer.PooledByteBuf.setBytes(PooledByteBuf.java:259)
	at io.netty.buffer.AbstractByteBuf.writeBytes(AbstractByteBuf.java:1132)
	at io.netty.channel.socket.nio.NioSocketChannel.doReadBytes(NioSocketChannel.java:357)
	at io.netty.channel.nio.AbstractNioByteChannel$NioByteUnsafe.read(AbstractNioByteChannel.java:151)
	at io.netty.channel.nio.NioEventLoop.processSelectedKey(NioEventLoop.java:788)
	at io.netty.channel.nio.NioEventLoop.processSelectedKeysOptimized(NioEventLoop.java:724)
	at io.netty.channel.nio.NioEventLoop.processSelectedKeys(NioEventLoop.java:650)
	at io.netty.channel.nio.NioEventLoop.run(NioEventLoop.java:562)
	at io.netty.util.concurrent.SingleThreadEventExecutor$4.run(SingleThreadEventExecutor.java:997)
	at io.netty.util.internal.ThreadExecutorMap$2.run(ThreadExecutorMap.java:74)
	at io.netty.util.concurrent.FastThreadLocalRunnable.run(FastThreadLocalRunnable.java:30)
	at java.lang.Thread.run(Thread.java:750)
18:36:38.311 [AsyncHttpClient-1-3] DEBUG org.asynchttpclient.netty.channel.ChannelManager - Closing Channel [id: 0x9c0a19dc, L:/127.0.0.1:55776 - R:localhost/127.0.0.1:55770] 
18:36:38.312 [AsyncHttpClient-1-3] DEBUG org.asynchttpclient.netty.handler.HttpHandler - Channel Closed: [id: 0x9c0a19dc, L:/127.0.0.1:55776 ! R:localhost/127.0.0.1:55770] with attribute DISCARD
18:36:38.315 [AsyncHttpClient-1-1] DEBUG org.asynchttpclient.netty.channel.DefaultChannelPool - Entry count for : http://localhost:55770 : 1
18:36:38.315 [AsyncHttpClient-1-1] DEBUG org.asynchttpclient.netty.channel.DefaultChannelPool - Adding Candidate expired Channel [id: 0x9c0a19dc, L:/127.0.0.1:55776 ! R:localhost/127.0.0.1:55770] isIdleTimeoutExpired=false isRemotelyClosed=true isTtlExpired=false
18:36:38.315 [AsyncHttpClient-1-1] DEBUG org.asynchttpclient.netty.channel.DefaultChannelPool - Closing Idle Channel [id: 0x9c0a19dc, L:/127.0.0.1:55776 ! R:localhost/127.0.0.1:55770]
18:36:38.315 [AsyncHttpClient-1-1] DEBUG org.asynchttpclient.netty.channel.DefaultChannelPool - Closed 1 connections out of 1 in 0 ms
18:36:38.328 [AsyncHttpClient-1-2] DEBUG org.asynchttpclient.netty.handler.HttpHandler - 

Request DefaultFullHttpRequest(decodeResult: success, version: HTTP/1.1, content: EmptyByteBufBE)
DELETE /session/544086d904927e1bcabaa5aa0ba11b90 HTTP/1.1
User-Agent: selenium/4.8.0 (java windows)
Content-Type: application/json; charset=utf-8
host: localhost:45217
accept: */*

Response DefaultHttpResponse(decodeResult: success, version: HTTP/1.1)
HTTP/1.1 200 OK
Content-Length: 14
Content-Type: application/json; charset=utf-8
cache-control: no-cache

18:36:38.328 [AsyncHttpClient-1-2] DEBUG org.asynchttpclient.netty.channel.ChannelManager - Adding key: http://localhost:45217 for channel [id: 0x9a9147ab, L:/127.0.0.1:55768 - R:localhost/127.0.0.1:45217]
18:36:40.164 [AsyncHttpClient-1-1] DEBUG org.asynchttpclient.netty.channel.DefaultChannelPool - Entry count for : http://localhost:45217 : 1
18:36:42.683 [AsyncHttpClient-1-1] DEBUG org.asynchttpclient.netty.channel.DefaultChannelPool - Entry count for : http://localhost:45217 : 1
18:36:44.196 [AsyncHttpClient-1-1] DEBUG org.asynchttpclient.netty.channel.DefaultChannelPool - Entry count for : http://localhost:45217 : 1
18:36:45.209 [AsyncHttpClient-1-1] DEBUG org.asynchttpclient.netty.channel.DefaultChannelPool - Entry count for : http://localhost:45217 : 1
18:36:45.470 [AsyncHttpClient-1-2] DEBUG org.asynchttpclient.netty.handler.HttpHandler - Unexpected I/O exception on channel [id: 0x9a9147ab, L:/127.0.0.1:55768 - R:localhost/127.0.0.1:45217]
java.io.IOException: An existing connection was forcibly closed by the remote host
	at sun.nio.ch.SocketDispatcher.read0(Native Method)
	at sun.nio.ch.SocketDispatcher.read(SocketDispatcher.java:43)
	at sun.nio.ch.IOUtil.readIntoNativeBuffer(IOUtil.java:223)
	at sun.nio.ch.IOUtil.read(IOUtil.java:192)
	at sun.nio.ch.SocketChannelImpl.read(SocketChannelImpl.java:378)
	at io.netty.buffer.PooledByteBuf.setBytes(PooledByteBuf.java:259)
	at io.netty.buffer.AbstractByteBuf.writeBytes(AbstractByteBuf.java:1132)
	at io.netty.channel.socket.nio.NioSocketChannel.doReadBytes(NioSocketChannel.java:357)
	at io.netty.channel.nio.AbstractNioByteChannel$NioByteUnsafe.read(AbstractNioByteChannel.java:151)
	at io.netty.channel.nio.NioEventLoop.processSelectedKey(NioEventLoop.java:788)
	at io.netty.channel.nio.NioEventLoop.processSelectedKeysOptimized(NioEventLoop.java:724)
	at io.netty.channel.nio.NioEventLoop.processSelectedKeys(NioEventLoop.java:650)
	at io.netty.channel.nio.NioEventLoop.run(NioEventLoop.java:562)
	at io.netty.util.concurrent.SingleThreadEventExecutor$4.run(SingleThreadEventExecutor.java:997)
	at io.netty.util.internal.ThreadExecutorMap$2.run(ThreadExecutorMap.java:74)
	at io.netty.util.concurrent.FastThreadLocalRunnable.run(FastThreadLocalRunnable.java:30)
	at java.lang.Thread.run(Thread.java:750)
18:36:45.470 [AsyncHttpClient-1-2] DEBUG org.asynchttpclient.netty.channel.ChannelManager - Closing Channel [id: 0x9a9147ab, L:/127.0.0.1:55768 - R:localhost/127.0.0.1:45217] 
18:36:45.470 [AsyncHttpClient-1-2] DEBUG org.asynchttpclient.netty.handler.HttpHandler - Channel Closed: [id: 0x9a9147ab, L:/127.0.0.1:55768 ! R:localhost/127.0.0.1:45217] with attribute DISCARD
]]></system-out>
    <system-err><![CDATA[Starting ChromeDriver 113.0.5672.63 (0e1a4471d5ae5bf128b1bd8f4d627c8cbd55f70c-refs/branch-heads/5672@{#912}) on port 45217
Only local connections are allowed.
Please see https://chromedriver.chromium.org/security-considerations for suggestions on keeping ChromeDriver safe.
ChromeDriver was started successfully.
May 12, 2023 6:36:30 PM org.openqa.selenium.devtools.CdpVersionFinder findNearestMatch
WARNING: Unable to find an exact match for CDP version 113, so returning the closest version found: 109
May 12, 2023 6:36:45 PM org.openqa.selenium.os.OsProcess destroy
INFO: Unable to drain process streams. Ignoring but the exception being swallowed follows.
org.apache.commons.exec.ExecuteException: The stop timeout of 2000 ms was exceeded (Exit value: -559038737)
	at org.apache.commons.exec.PumpStreamHandler.stopThread(PumpStreamHandler.java:295)
	at org.apache.commons.exec.PumpStreamHandler.stop(PumpStreamHandler.java:180)
	at org.openqa.selenium.os.OsProcess.destroy(OsProcess.java:142)
	at org.openqa.selenium.os.CommandLine.destroy(CommandLine.java:144)
	at org.openqa.selenium.remote.service.DriverService.stop(DriverService.java:300)
	at org.openqa.selenium.remote.service.DriverCommandExecutor.execute(DriverCommandExecutor.java:129)
	at org.openqa.selenium.remote.RemoteWebDriver.execute(RemoteWebDriver.java:543)
	at org.openqa.selenium.remote.RemoteWebDriver.execute(RemoteWebDriver.java:598)
	at org.openqa.selenium.remote.RemoteWebDriver.execute(RemoteWebDriver.java:602)
	at org.openqa.selenium.remote.RemoteWebDriver.quit(RemoteWebDriver.java:445)
	at org.openqa.selenium.chromium.ChromiumDriver.quit(ChromiumDriver.java:279)
	at net.thucydides.core.webdriver.WebDriverFacade.quit(WebDriverFacade.java:300)
	at net.thucydides.core.webdriver.WebdriverInstances.closeAndQuit(WebdriverInstances.java:78)
	at net.thucydides.core.webdriver.WebdriverInstances.closeCurrentDriver(WebdriverInstances.java:69)
	at net.thucydides.core.webdriver.WebdriverInstances.closeCurrentDrivers(WebdriverInstances.java:118)
	at net.thucydides.core.webdriver.SerenityWebdriverManager.closeCurrentDrivers(SerenityWebdriverManager.java:86)
	at net.thucydides.core.webdriver.ThucydidesWebDriverSupport.closeCurrentDrivers(ThucydidesWebDriverSupport.java:163)
	at net.thucydides.core.webdriver.WebdriverCloseBrowser.closeIfConfiguredForANew(WebdriverCloseBrowser.java:36)
	at net.thucydides.core.steps.BaseStepListener.testFinished(BaseStepListener.java:626)
	at net.thucydides.core.steps.StepEventBus.testFinished(StepEventBus.java:404)
	at net.thucydides.core.steps.StepEventBus.testFinished(StepEventBus.java:418)
	at io.cucumber.core.plugin.SerenityReporter.handleTestCaseFinished(SerenityReporter.java:317)
	at io.cucumber.core.eventbus.AbstractEventPublisher.send(AbstractEventPublisher.java:51)
	at io.cucumber.core.eventbus.AbstractEventBus.send(AbstractEventBus.java:12)
	at io.cucumber.core.runtime.SynchronizedEventBus.send(SynchronizedEventBus.java:47)
	at io.cucumber.core.runtime.ThreadLocalRunnerSupplier$LocalEventBus.send(ThreadLocalRunnerSupplier.java:62)
	at io.cucumber.core.runner.TestCase.emitTestCaseFinished(TestCase.java:219)
	at io.cucumber.core.runner.TestCase.run(TestCase.java:98)
	at io.cucumber.core.runner.Runner.runPickle(Runner.java:75)
	at io.cucumber.junit.PickleRunners$NoStepDescriptions.lambda$run$0(PickleRunners.java:151)
	at io.cucumber.core.runtime.CucumberExecutionContext.lambda$runTestCase$5(CucumberExecutionContext.java:130)
	at io.cucumber.core.runtime.RethrowingThrowableCollector.executeAndThrow(RethrowingThrowableCollector.java:23)
	at io.cucumber.core.runtime.CucumberExecutionContext.runTestCase(CucumberExecutionContext.java:130)
	at io.cucumber.junit.PickleRunners$NoStepDescriptions.run(PickleRunners.java:148)
	at io.cucumber.junit.FeatureRunner.runChild(FeatureRunner.java:144)
	at io.cucumber.junit.FeatureRunner.runChild(FeatureRunner.java:28)
	at org.junit.runners.ParentRunner$4.run(ParentRunner.java:331)
	at org.junit.runners.ParentRunner$1.schedule(ParentRunner.java:79)
	at org.junit.runners.ParentRunner.runChildren(ParentRunner.java:329)
	at org.junit.runners.ParentRunner.access$100(ParentRunner.java:66)
	at org.junit.runners.ParentRunner$2.evaluate(ParentRunner.java:293)
	at org.junit.runners.ParentRunner$3.evaluate(ParentRunner.java:306)
	at org.junit.runners.ParentRunner.run(ParentRunner.java:413)
	at io.cucumber.junit.FeatureRunner.run(FeatureRunner.java:137)
	at io.cucumber.junit.CucumberSerenityRunner.runChild(CucumberSerenityRunner.java:259)
	at io.cucumber.junit.CucumberSerenityRunner.runChild(CucumberSerenityRunner.java:59)
	at org.junit.runners.ParentRunner$4.run(ParentRunner.java:331)
	at org.junit.runners.ParentRunner$1.schedule(ParentRunner.java:79)
	at org.junit.runners.ParentRunner.runChildren(ParentRunner.java:329)
	at org.junit.runners.ParentRunner.access$100(ParentRunner.java:66)
	at org.junit.runners.ParentRunner$2.evaluate(ParentRunner.java:293)
	at io.cucumber.junit.CucumberSerenityRunner$RunCucumber.evaluate(CucumberSerenityRunner.java:288)
	at org.junit.runners.ParentRunner$3.evaluate(ParentRunner.java:306)
	at org.junit.runners.ParentRunner.run(ParentRunner.java:413)
	at org.junit.runner.JUnitCore.run(JUnitCore.java:137)
	at org.junit.runner.JUnitCore.run(JUnitCore.java:115)
	at org.junit.vintage.engine.execution.RunnerExecutor.execute(RunnerExecutor.java:42)
	at org.junit.vintage.engine.VintageTestEngine.executeAllChildren(VintageTestEngine.java:80)
	at org.junit.vintage.engine.VintageTestEngine.execute(VintageTestEngine.java:72)
	at org.junit.platform.launcher.core.EngineExecutionOrchestrator.execute(EngineExecutionOrchestrator.java:107)
	at org.junit.platform.launcher.core.EngineExecutionOrchestrator.execute(EngineExecutionOrchestrator.java:88)
	at org.junit.platform.launcher.core.EngineExecutionOrchestrator.lambda$execute$0(EngineExecutionOrchestrator.java:54)
	at org.junit.platform.launcher.core.EngineExecutionOrchestrator.withInterceptedStreams(EngineExecutionOrchestrator.java:67)
	at org.junit.platform.launcher.core.EngineExecutionOrchestrator.execute(EngineExecutionOrchestrator.java:52)
	at org.junit.platform.launcher.core.DefaultLauncher.execute(DefaultLauncher.java:114)
	at org.junit.platform.launcher.core.DefaultLauncher.execute(DefaultLauncher.java:86)
	at org.junit.platform.launcher.core.DefaultLauncherSession$DelegatingLauncher.execute(DefaultLauncherSession.java:86)
	at org.junit.platform.launcher.core.SessionPerRequestLauncher.execute(SessionPerRequestLauncher.java:53)
	at org.apache.maven.surefire.junitplatform.JUnitPlatformProvider.execute(JUnitPlatformProvider.java:188)
	at org.apache.maven.surefire.junitplatform.JUnitPlatformProvider.invokeAllTests(JUnitPlatformProvider.java:154)
	at org.apache.maven.surefire.junitplatform.JUnitPlatformProvider.invoke(JUnitPlatformProvider.java:128)
	at org.apache.maven.surefire.booter.ForkedBooter.runSuitesInProcess(ForkedBooter.java:428)
	at org.apache.maven.surefire.booter.ForkedBooter.execute(ForkedBooter.java:162)
	at org.apache.maven.surefire.booter.ForkedBooter.run(ForkedBooter.java:562)
	at org.apache.maven.surefire.booter.ForkedBooter.main(ForkedBooter.java:548)

May 12, 2023 6:36:45 PM org.openqa.selenium.os.OsProcess destroy
SEVERE: Unable to kill process java.lang.ProcessImpl@5866731
]]></system-err>
  </testcase>
</testsuite>